Can I call anybody?
Can I ask anybody?
Can I call anyone?
There's a table.
There is a table.
It's a table.
The child is sleeping.
The now is sleeping.
The child is brown.
He filled alone.
He kept alone.
He kept anybody.
Do it out here.
Get the out of here.
Do the house here.
No one knows that.
No one knows it.
No one knows this.
Call me when you want.
Tell me when you want.
Give me when you want.
I learned him.
I took him up.
I took him out.
I need a drink.
I need a break.
I need a picture.
The train is angry.
The train is broken.
The train is true.
You know all the world.
You know everything.
You know everybody.
I'm not big.
I'm not big!
I'm not a big.
Call you that.
Do you remember that.
Do you see that.
Tom didn't tell you?
Tom hasn't told you?
Tom doesn't tell you?
Layla be here.
Layla will be here.
Layla go here.
He has been friends.
He has been hard.
He has a lot of friends.
Are you dressed?
Are you crying?
Are you crazy?
There is a lot of money.
There's a lot of money.
There are a lot of money.
You're responsible.
You are responsible.
You're smart.
She's disappointed.
She is disappointed.
She is deprised.
Tom is a surprised.
Tom is a present.
Tom is a sport.
They're very pretty.
They're very rude.
They are very rude.
This is only a child.
It's only a child.
That's only a child.
I like a lot of love.
I like lot of love.
I like a lot.
Are you tired?
Are you up?
Are you read?
My mother is alone.
My mother is hard.
My mother is better.
Are you a second?
Do you have a second?
You have a second?
This is a teacher.
This is a past.
This is a cost.
I'll do the door?
I'll get the door?
I'll do it?
Tom is against.
Tom is dead.
Tom is againing.
I love this head.
I love this shop.
I love this bill.
You can tell me everything.
You can't tell me everything.
You can like to tell me.
Do you have any questions?
Did you have any questions?
Do you have any more questions?
Do you think it?
Do you think it are?
Do you think it is?
Tom was at the time.
Tom was in time.
Tom was at once.
I want to sleep.
I want to leave.
I want to talk to you.
Is this your wife?
Is that your wife?
Is this your wife.
That's terrible.
It's terrible.
It's very smart.
No one of them.
Don't drink enough.
No one of the floor.
Did you understood?
Did you learn it?
Did you show him?
You're my language.
You'll get my language.
You're my house.
They desered it.
They ruined it.
They desered him.
That won't change anything.
It won't change anything.
That doesn't change anything.
I'm poor.
I'm glad.
I am poor.
Everyone saw you.
Everybody saw you.
Everyone hate you.
Wait a little.
Get a little.
Wait a little!
I'm going to go there.
I go to go there.
I'll go to go there.
I read a letter.
I read another letter.
I hate a letter.
She closed the door.
She will close me.
She walked to me.
Let's try it.
Let's try this.
Let's try that.
I'm a friend.
I am a friend.
I'm an friend.
What is the idea?
What's the idea?
What's the idea of?
He was patient.
He was patience.
He was along.
Tom could do that.
Tom could do this.
Tom should do that.
Park!
Beer!
Slow down.
That's exact.
That's exactly.
This is correct.
We need to give us.
We must give us.
We have to give us.
I want to eat you.
I want to eat.
I want to talk to you.
It's very good.
That's very good.
This is very good.
You're crazy.
You're smart.
You're pale.
Call a doctor!
Call a doctor.
Call a doctor a doctor!
We want Tom.
We want Tom to leave.
We want Tom to meet Tom.
It's cold.
He is cold.
He did cold.
Bed.
Bed at bed
Bed at bed!
I can go to the week.
I can go on the week.
I can go to the other week.
Stay out of water!
Stay in water.
Stay out of water.
They should have disappointed.
They should all they disgusted.
They should all they decied.
Tell me your hair.
Tell me your hell.
Let me talk your hair.
Do you want me to help you?
Do you want to help you?
Would you want me to help you?
She took him disappointed.
She hurt her tears.
She hurt him.
Mom out the door.
Meal out the door.
Mom beer the door.
I really like math.
I like matters.
I really like a girls.
You don't know, do you?
You don't know, so you?
You don't have, so?
I'm also standing.
I'm also past.
I'm depelate.
You remember your brother.
You remember my brother.
You're safe with your brother.
It was very rude.
It was very pleased.
That was very rude.
Do you know where the others?
Do you know where?
Do you know where it are?
Tom needs to do that now.
Tom need to do that now.
Tom needed to do that now.
She's singing the children.
She's singing with children.
She's telling the children.
Tom is more intelligent than me.
Tom is more than me.
Tom is more early than me.
Is there your friends?
Is he your friends?
Is it your friends?
It's very easy to work.
That's very easy to work.
It's very easy.
I don't want to drive Mary.
I don't want to eat Mary.
I don't want to answer Mary.
I'll be leaving this evening.
I'll be leaving tonight.
I'll be leaving this night.
What's this lives?
What's this cost?
What's this cool?
That makes me!
It makes me!
It hurry me!
He became quickly.
He became back.
He became sofly.
He failed to visit.
He failed in Paris.
He failed to vis
He doesn't like you.
He doesn't feel like you.
He won't get you.
What are you going to do?
What are you doing to do?
What are you trying to do?
He gave me to try it.
He gave me to try.
I had to try it.
He took a few days later.
He has a few days later.
He made a few days later.
I thought you'd be here.
I thought you would be here.
I thought you'll be here.
I don't like to travel alone.
I don't like travel alone.
I don't like traveling alone.
Do you see your parents?
Do you think your parents?
Do you have any parents?
He can come there.
He can come anybody.
He can't change anybody.
I forgot to tell him.
I forgot to say.
I forgot to tell her.
Did you meet him?
Did you met him?
Did you met it already?
I'm tired of reading.
I'm tired of read.
I'm tired of love.
We have no idea time.
We have no time.
You have no idea time.
I smoke.
I smoke five.
I smoke to fire.
We lost.
We've got up together.
We have lost together.
What's he arrived at the dog?
What is he arrived at the dog?
What is the dog?
I'm not crazy.
I'm not pale.
I'm not dead.
They didn't do it.
They couldn't do it.
They didn't know him.
Let's get your hamf.
Let's go to the fort.
Let's get your hat.
We were surprised.
We've been against.
We've been seen.
You've changed a lot.
You have changts.
You've changed a lot of advice.
Who told you?
Who gave you?
Who forced you?
Don't you know his name?
Do you know his name?
Don't you know her name?
Is it going to me?
Is that going to me?
Does that go to me?
Tom is a lot of money.
Tom is infused to money.
Tom is funming to money.
They're not in the future.
They're not on the future.
They're not at the future.
I'm sorry!
I'm awake!
I'm serious!
Have you tried this water?
Did you try this water?
Did you tried this water?
You're pretty than Mary.
You're pretty as Mary.
You're quite than Mary.
You're too old for me.
You're too old to me.
You're too young to me.
The experience is true.
The teacher is true.
The concert is true.
I'd like to go to go.
I'd like to go to go there.
I'd like to wait there.
I have everything.
I've got everything.
I'm all wrong.
I'm really staying.
I'm really crazy.
I'm really going to fire.
He written a letter.
He written a house.
He written another letter.
Thank you, that will be all.
Thank you, that would be all.
Thank you, that will be everything.
They want to see you.
They want to meet you.
They want to see yourself.
We're in love with my mind.
We're in love.
We're in love with my head.
I'd like to help you.
I'd like to help you so.
I'd like to help to help you.
She seems like all alone.
She seems like better.
She seems like all.
I'm Tom.
I am Tom.
I'm Tom singer.
It was a present woman.
It was a present.
It was a present-smart.
You should've hurry.
You should've hurt.
You should have hurry.
When did anyone hear me?
When did he hear me?
Is someone going to tell me?
Is it all you like?
Do you want to send?
Do you have any wine?
I don't have a shower.
I don't have a shot.
I don't have a past.
She returned his shirt.
She took back in his shices.
She took back in his shirt.
How am I supposed to eat?
How am I supposted to eat?
How do I supposed to eat?
I'll be happy with you.
I'll be happy to you with you.
I'll play with you with you.
Please get your own poor.
Please get up.
Please get your own laughter.
Tom was the survivors.
Tom was one of the experience.
Tom was one of the exice.
I'm so sorry that.
I'm so shall.
I'm so support.
You're not pretty than me.
You're not older than me.
You don't have more than me.
Can you be leaving this?
Can you keep this?
Can you just get this?
I have to find your daughter.
I have to get your daughter.
I'm here of your daughter.
It's not my meal.
It's not my deal.
That's not my deal.
She doesn't even said.
She doesn't even know.
She didn't even tell you.
Don't try to do that anymore.
Don't try to do that.
Don't kill that anymore.
You're all nervous!
You're all careful!
You're all pretty nervous!
I'm very impressed.
I'm very dressed.
I'm very pressed.
I know I can do more.
I know I can do anymore.
I know I can go harder.
That's not worth.
This road is not worth.
This is not worth.
Don't touch anything.
Don't get out of it.
Don't touch nothing.
Better you don't think about it.
Better you don't want to think.
Better you don't think about that.
She has to see me again.
She wanted to see me again.
She has to meet me again.
I didn't know how to solve.
I didn't know how to sleep.
I don't know how to solve.
I know Tom doesn't like Mary.
I know Tom didn't like Mary.
I know Tom don't like Mary.
I'd like to come back.
I'm trying to be quiet.
I'd like to come out.
He speaks as if he had everything.
He speaks as if he knew everything.
He speaks as much as he knew everything.
I'm very impressed.
I'm very dressed.
I'm very rude.
Thank you.
Thank you of the village.
Thank you of the death.
You're going to be quiet.
You're a teacher for that.
You're going to work so much.
You'll have everything.
You'll keep everything.
You'll have everything of everything.
He likes walks in the park.
He likes to marry in the park.
He likes walked in the park.
A long was killed.
A long was missed.
A long was been killed.
I think Tom is awake.
I think Tom is fair.
I think Tom is failed.
It's a good way.
It's a good appetite.
It's a good mother.
Please show her.
Go to her, I'll be.
Go to his her, I'll be.
Look at the company.
Look at the news.
Look at the future.
Tom doesn't like cats.
Tom doesn't like clean.
Tom doesn't like cry.
I lost the same time.
I lost the last time.
I lost the hat the time.
Does Tom still become?
Is Tom crying?
Is Tom crazy?
He changed address.
He has changed.
He has changed for address.
Come with me at the station.
Come with me to the station.
Come with me the station.
Why don't you do it?
Why didn't you do it?
Why don't you do that?
Tom was a hunger.
Tom was a hunk.
Tom was a game.
I took a walk.
I took a break.
I took a glass.
The cook is interesting.
The road is interesting.
The coat is interesting.
I don't drink.
I don't drink drink.
I don't drink out.
What are you going to do?
What are you doing?
What are you doing to do?
Did you go to the sky?
Do you have any key?
Do you have to get the sky?
I still have things to do.
I still have any things to do.
I still have some things to do.
Are you going to help?
Do you stay in?
Do you like?
Tom put a beer.
Tom has been a beer.
Tom has been a bike.
We'll get out of me.
We'll be a patch.
We'll take a shop.
How much did you get out of key?
How much did you get out of keys?
How much did you get out of daughter?
You'll be only one who wanted it.
You'll be only one who can live.
You'll be only one who'd see him.
Do you want me?
Do you want to help me?
Do you like me?
What did he do you?
What did he do that you?
What did he did that?
I think I know the answer.
I think I'll take the answer.
I think I'll get the answer.
Can you read what that said?
Can you read what it said?
Can you read what this said?
She was working for a man.
She was working for a tight man.
She was looking for a man.
These shoes are different.
These cods are different.
These all are different.
Thank you.
Thank you to be invinced.
Thank you for you.
I don't know if I can stay.
I don't know if I can go.
I don't know if I can talk.
She's looking for the car.
She's against the car.
She is looking for the car.
I wonder where Tom and Mary are.
I wonder where Tom and Mary came.
I wonder where Tom and Mary went.
What is this time?
What is this time for that time?
What is this time to happen?
Do I miss something, this morning?
Do I miss something, which morning?
Do I miss something, will it?
What did you do for dinner?
What did you find for dinner?
What did you do with dinner?
Tom is a safe in the key.
Tom is a safe four.
Tom is a safe in the hospital.
I heard that you were good French.
I heard what you were good French.
I heard tell you you were good French.
All you must do that.
All you must do it.
All you have to do that.
What are these became?
How much did these are?
What are these weight?
Is this your bicycle?
Is it your bicycle?
Is that your bicycle?
She's going to do the river.
She's going to do the village.
She's going to do it.
I love the scene of his name.
I love the horse of his name.
I love the scene of her name.
Tell me your life.
Help me your life.
Speak me your life.
I don't remember that.
I don't remember this.
I didn't tell me that.
The film wasn't so much.
The film was not so bad.
The film wasn't all so much.
He has the box on the table.
He turned the box on the table.
He asked the box on the table.
I have a lot of homework.
I have a lot of people.
I have a lot of people to travel.
I saw him like the meeting.
I saw him like the deal.
I've seen him like the meeting.
You're lucky to have a job.
You're lucky of a job.
You're lucky to be a job.
That's what I'm going to do.
That's what I'll do.
It's what I'm going to do.
This room is surprised.
This room has surprised.
This room is survivsed.
I know Tom is a little person.
I know Tom is a little true.
I know Tom is a little bit.
He will respect his hospital.
He will respect his poor.
He will respect his hotel.
I have a shower.
I have a small shower.
I have a horse shower.
I'll get you to the station tomorrow.
I'll keep you at the station tomorrow.
I'll give you at the station tomorrow.
He was born in the floor.
He was born on the floor.
He was born in the movie.
A traffic built.
A traffic builet.
A traffic fell.
Let's make your report.
Let's make your mind to remember.
Let's make your mind to turn.
Tom has decided.
Tom has decided the fortune.
Tom has decided to the fortune.
Tom pushed his son.
Tom builed his bottle.
Tom builed his box.
The now is sleeping in a day.
The now is sleeping a day.
The child is sleeping in a day.
I thought you'd be going to be.
I thought you'd like to be.
I thought you'll come to be.
I don't like be paid too long.
I don't like to be either too long.
I don't like be either too long.
Who would you want to talk to you?
Who would you like to talk to you?
Who do you want to talk to you?
I'm not a crazy.
I'm not a bike.
I'm not a nice person.
It was not in my intention.
It was not in my intenent.
It was not in my intentions.
She introduced happy.
She introduced him.
She introduced their different.
I don't like break.
I don't like your patch.
I don't like your pair.
I told him not to come back.
I told him not to come again.
I told him not back again.
I'd like you to meet my parents.
I'd want you to meet my parents.
I'd rather you meet my parents.
My father was angry.
My grandfriend was angry.
My grandfriend was late.
You need to learn you.
You need to learn for you.
You need to learn to go.
I'm happy, because you're happy here.
I'm happy, I'm here.
I am happy, because you're happy here.
Do you like cats?
Do you like fine?
Do you like Rusles?
They don't know so long.
They don't want to get out so long.
They don't want to spend so long.
Everyone was a good idea.
Everyone was a good family.
Everyone had a good idea.
What are you going to write?
What are you doing?
What are you looking for?
You should think about your future.
You should think about your opinion.
You should think about your watch.
There's no choice.
There is no choice.
There's no bound.
I know you're in love with me!
I know you're in love with me.
I know you're reading in love with me!
Your projers have a lot of a lot.
Your projers have a lot.
Your projers have a lot of lot.
This box is packed.
That's a great killed.
This box has past.
I need a shower.
I need a ticket.
I need a shop.
How did you kill them?
How did you read the keys?
How did you kill the keys?
This doesn't be easy to help you.
It won't be easy to help you.
This doesn't be easy to forget you.
The fish doesn't work today.
The fish won't change today.
The fish doesn't change today.
Do you think the survivary?
Do you think the surprise?
Do you have any surprised?
I know you want to come home.
I know you want to go home.
I know you want to stay home.
Does anyone study?
Who is the only way?
Does anyone speak English?
He is absent from his uncle.
He's absent from his uncle.
He has his uncle.
I want you to get up with me.
I want you to miss with me.
I want you to get out with me.
What's the sud today?
What's the rud today?
What's the builet today?
Tom didn't know how to solve.
Tom didn't know how to sleep.
Tom doesn't know how to solve.
Tom put the keys every day.
Tom put the hair every day.
Tom put the hair all day.
What did he like to dance?
What is he like you?
What does he like to dance?
Is there a movie of movie?
Is he a movie of movie?
Do it a movie of movie?
This baby has a lot of lar.
This baby has a lot of gun.
This baby has a lot of front.
That's why I sent you.
This is why I sent you.
That's why I've got up.
You're wonderful, aren't you?
You're safe, aren't you?
You're wonderful, isn't you?
Tom promise no longer never do that.
Tom promises a lot more never do that.
Tom promise everything to never do that.
We'll never help the truth.
We'll never give the truth.
We'll never see the truth.
It's a bit as I relied.
He is a bit as fast as I will.
He's a little smart.
Tom really looks a lot of a lot.
Tom really drinking a lot of a lot.
Tom really drinks a lot of a lot.
I'm not at the blood.
I'm not on the blood.
I'm not on the kises.
The road is the music of them.
The road is the museum.
The road is the music.
What do you think we're wasting with me?
What do you think we're crazy to me?
What do you think we're safe with me?
I'm sorry to go to Tom.
I'm going to go to Tom.
I'm thinking to get up to Tom.
Do you remember his phone number?
Do you remember her phone number?
Do you want her phone number?
How is the time to you?
How's the time to you?
How is the time you've been?
I'll wait in the shower.
I'll wait in the beach.
I'll come in the beach.
This poor is almost pretty.
This poor is almost very pretty.
This poor is almost almost hungry.
Are you creen who forced me?
Are you telling who driving me?
Are you telling who gave me up?
We asked me to get the future.
We asked me to buy the future.
We asked me to get the movie.
This coucky has a very effect.
This coucky has a very effear.
This couple has a terrible music.
I have a few hospital.
I have a few plain.
I've got a few student.
I have to find out as I can.
I have to find out what I can.
I have to get ready.
She doesn't have to get up.
She doesn't want to get up.
She didn't want to get up.
I think we're all a little bit.
I think we're all a bit.
I think we're all along.
You have a decision to try.
You have a decision to try to be.
You have a decision to try to try.
Tom playes tennis after three times by week.
Tom played tennis after three times.
Tom playes tennis after school after three times.
It's on what we saw.
It is on what we saw.
It's on that we saw.
Do you have any pale with you?
Do you have any push with you?
Do you have any baste with you?
I wanted to know why you haven't done yesterday.
I wanted to know why you're not done yesterday.
I wanted to know why you're not finished yesterday.
I played the window of my life.
I played my life with my life.
I played to my life with Boston.
Mother is watching me a shower.
Mother is watching me to do a cook.
Mother is working to do a cook.
I looked up since but I saw.
I looked to her.
I looked out but so much.
You must take your dog.
You must have your dog.
You have to leave your dog.
Tom told that he had to marry the police.
Tom told that he had to the police.
Tom told that he had been to the police.
There's no computer.
There's no impressation.
There's no impress.
The players are students.
The players is students.
The players is students for the floor.
Is this uniness?
Is this snow?
Is that kind of cost?
You'd better get everything.
You'd better do everything.
You'd better get everything of it.
Why would you forget if nothing about you?
Why do you want if you want a little sure?
Why do you want if you want to eat about you?
Please give me the address.
Please sign me the address.
Please help me the address.
She lived a life.
She missed a life.
She saved a life.
I want you to get out.
I want you to get up.
I want you to get out of danger.
What did you do with your camera?
What did you done with your camera?
What did you find with your camera?
I appreciate the book to be the book.
I'm glad if to find the book.
I appreciate the book to be alone.
A dog fell to the party.
A dog kept at the party.
A dog has a dog to the party.
He is more than all the others.
He is more than all the teacher.
He is more than all the treers.
I'd like to ask up the door.
I'd like to ask it out of the question.
I'd like to move up the door.
A teacher has been prepared.
A teacher has been pretty.
A teacher has been prepared to be.
Could you explain it more than?
Could you explain it more than that?
Could you explain him more than?
It's not a cute.
This is not a cute.
It's not a cup of red.
It's smart as mistake.
It's smart.
It's smart as their eyes.
She has been in a past.
She has been in a nice trip.
She has been in a bottle.
She must buy a room with his sister.
She must have a room with his sister.
She must buy a room with her sister.
He had a catet.
He's a catet with this key!
He's a catet with this blow.
How do you know what is the light?
How do you know what is the next?
How do you know what is the floor?
I went to the store.
I went in trouble.
I went to my bicycle.
Tom closed the door of his room.
Tom closed the door out of his room.
Tom closed the door in his room.
As I thought I thought the truth is.
As I thought I thought, she is a die.
As I thought I thought that she's a god.
Nanako is a couple.
My car is a couple.
Nank is a couple.
You were afraid, isn't you?
You were afraid, didn't you?
You were afraid, aren't you?
I'm lucky to have you as a friend.
I'm lucky to be like you.
I'm lucky to you as a friend.
I'd like my hat.
I'll get my bag in my daughter.
I'll get my bag in my dad.
The mother is watching the table on the table.
The mother is watching on the table.
The mother is leaving on the table.
I know what's a die.
I know what's a smart.
I know what's a scheess.
It's a thing I must do alone.
There's something I must do alone.
There's something I have to do alone.
I can't believe it you were awake.
I can't believe that he was embarrassed.
I can't believe that he was innocent.
What is that yours, OK?
What is that yours, yours?
What is that yours, yes?
One of them, that has been a great day.
Some of them, that has been a great day.
A lot of books, it was a great day.
I can't let you go there at all alone.
I can't leave you for it in all alone.
I can't let you go there in all alone.
The love of Tom has known her money.
The love of Tom is known to Mr Mr.
The love of Tom is known to Mr Mona.
Do you have any kind of lies?
Do you have any kind of ghosts?
Do you have any kind of building?
I think the road is injured.
I think the road is experience.
I think the road is infected.
He is exactly that she's going to school French.
He's exactly that she's going to school French.
He is exactly what she's going to school French.
American is angry.
Park is going to swim.
Park is late for the gone.
The women like the baby lots.
The women like the floor.
The women like the baby bres.
The whole man who lives the floor.
The whole man who lives the game.
The whole man who lives the fuck.
How much is your house in your house?
How much did your house in your house?
How many people have he in your house?
Are you looking for the future?
Are you looking for anything to cook?
Are you looking for anything to cake?
I like it.
I like him.
I like the well.
The health is inside to work.
The health is inside to the sky.
The health is inside to the baby.
My father doesn't eat so much fruit.
My father don't eat any fruit.
My father won't eat any fruit.
I'm glad to decize his teacher.
I'm glad to decive his present.
I'm glad to decive his teacher.
I appreciate you to see me.
I appreciate you all the time to see me.
I appreciate you once to see me.
I bought this car if I had a girlfriend.
I bought that car if I had a girlfriend.
I had that car if I had a girlfriend.
Do you like to miss the train.
Do you have to miss the train.
Do you have to meet the train.
I learned French before to go.
I learned French before to go out.
I learned French before to go to swim.
I've already done the same thing to be done.
I've already done the same what who must be done.
I've already done the same what who needs to be done.
We were playing on a good job in the park.
We were playing on a bank in the park.
We were playing on a nice hotel in the park.
Our house and through us running.
Our house and dead and we're watching us.
Our house and through us running us.
You're going to talk to you at angry.
You're going to talk to you to speak German.
You're going to talk to you again.
She depends up his best.
She depends up his actual.
She depped his best.
There is no idea for you to go to Boston.
There is no idea to go to Boston.
There's no really to go to go to Boston.
The ticket out in the eyes who is watching.
The ticket out in the eyes who is too much.
The ticket out of the eyes of the world is watching.
All the fact, the sun is enough for dollars.
All the fact, the test is decious dollars.
All the fact, the test is friending.
Did you read a little cook?
Do you've read a lucky cook?
Do you've read a little cook?
She missed me laughing.
She missed me beer.
She missed me to get up.
How much time do you plan to pay Boston?
How many times do you plan to pay Boston?
How much time do you plan to go to Boston?
He doesn't want more sense.
He doesn't want more more space.
He hasn't care of quite common.
Layla, he went to bed.
Layla works the work, he went to bed.
Layla hurt, he went to bed.
I like English, but I can't speak well.
I like English, but I can't speak it.
I like English, but I can't talk well.
I've never seen my cat of this way.
I've never seen my cat laughing.
I've never seen my cat of this job.
I'm sorry, I didn't hear you.
I'm sorry, I don't hear you.
I'm sorry, I couldn't hear you.
I saw you in TV TV.
I saw you at the river of time.
I saw you to the TV of time.
The baby began to the same.
The baby began to her again.
The baby began to her.
It's a difference betweight, isn't it?
It's a difference bet, isn't it?
It's a difference person, isn't it?
The road were improved.
The ross were improved.
The road were implenty.
The little girl doesn't know anything.
The little girl doesn't know anything to be.
The little girl doesn't know anything to be careful.
I can go to school in ten minutes.
I can go to school at the ten minutes.
I can go to school for ten minutes.
What do you say to joat me for dinner?
What do you say to join me?
What do you say of me to buy dinner?
He won't be pretty about Tom.
He won't be a decision to do with Tom.
He won't be able to make Tom.
What did she buy this store?
What does she bought this store?
What did she bought this store?
We'll pay all the world in the world.
We're looking for the world in the world.
We'll pay the world in the world.
Do I can use this paper?
Does I can use this paper?
Can I use this paper?
I don't know where I'm going to go.
I don't know where to go, the news.
I don't know where I'm going to do.
I was feeling on the river.
I had to get up your hair.
I had to get up your hair cut.
They can't give me what I want.
They can't ask me what I want.
They cannot give me what I want.
I want to ask you for me.
I want to return to you for me.
I want to return to you.
The mother is looking for a bank.
The mother's looking for a bank.
The mother is looking for a baby.
I have to cake you for your success.
I have to get up to your success.
I have to cake you for your mind.
You don't think you don't like that.
You don't think you don't like this.
You won't tell me what you like that.
Let's walk in 203.
Let's walk in 20times.
Let's walk in 2000.
This word is a name and a hat time.
This word is a name and a good time to the time.
This word is a name and a good time.
I think you should have a lot of here.
I think you should have a lot of yourself.
I think you should have a paten here.
Tom doesn't want the same thing to return.
Tom doesn't want the same thing.
Tom doesn't want to see the same time.
I like trouble in trouble.
I like trouble-past.
I like trouble-pants.
Tom said that he didn't saw him.
Tom told that he didn't saw him.
Tom said that he didn't saw her.
The experience will be plained.
The experience will have a great address.
The experience will be plaining a great water.
I can't help me for you.
I can't help me of you.
I can't help me to go to you.
He decided to decided his wife.
He decided to decided his project.
He decided to decide his project.
All you must do, this is to learn this sentence.
All you have to do, this is to do this sentence.
All you have to do, this is to learn this sentence.
I think you don't have to clean it.
I think you don't have to cake up.
I think you don't have to clean up.
The boy tried to disappointed him.
The boy tried to disappointed the key.
The boy tried to swim out.
I appreciate the experience.
I appreciate the details.
I appreciate the road of the company.
In this moment, there's no place more than here.
In this moment, there is no longer than here.
In this moment, there is no place more than here.
Someone's going to swim in his mother.
Someone are going to swim in his mother.
Someone's going to swim in his mother in his mother.
Is it possible to be a natural game?
Is it possible to be a natural gamer?
Is it possible to be a natural masory?
"What did you do?
"What would you do?
"What could you do?"
He is instrucable on his work.
He's instrucable on his work.
He is instrucable in his work.
Don't need to buy this sentence.
Don't need to transte this sentence.
Not need to buy this sentence.
I can tell you a little money, if you need.
I can teach you a little money, if you need.
I can teach you a little money, so you need.
I was taken what he was in French.
I was inside that he was in French.
I was injured that he was in French.
Meal on the future on the future.
Meal on the future of the future.
Meal on the catest on the future.
She opened the future of the present.
She opened the experience experience.
She opened the future of the floor.
The scene fell to swim.
The scene fell to swim in Italy.
The scene fell to swim in Icity.
"Is he a die?" "He is in life."
"Is he a die?
"Is he a die?" "He is in life.
Americy is back on TV, and smart.
Americy is on TV on TV, and.
Americy is on TV in TV, and.
Get up for things you don't want to kill.
Get up of you things you don't like.
Get up for things you don't want to be.
Japanese students have a great time by day.
Japanese students have a great time for every day.
Japanese students have a great time for hours.
This type of chance like to be involved.
This type of question like to be involved.
This type of chance to be involved.
He is the future of the future of the door.
He is the future of the future of the floor.
He is the future of the future of the flower.
I admit to go to my grandmother.
I admit on my grandmother to my mother.
I admit on my grandmother to my grandmother.
The neighstation is known by a window.
The neightarse is known by a window.
The neighstation is known in a window.
Do you want to kill, new you?
Do you want to sleep, new you?
Do you want to sleep, new you are?
She's afraid of the floor with a cook.
She's afraid of the floor with a beer.
She's afraid of the floor with a coat.
I was too fasted for the eyes in the eyes.
I was too faste for the eyes in the eyes.
I was too fasted for the eyes to the eyes.
Layla his name for the decision.
Layla Landed his name for the future.
Layla his name for the decience.
Oh, I don't have said to do that.
Oh, I don't have to decide what I can do.
Oh, I don't have to decided that I can do.
My grandfather have been good in my heart in my heart.
My grandfather has been hungry in my heart.
My grandfather has been hungry to my heart in my heart.
This class is learning to killed his family.
This class is learning to kiss his story.
This class is learning to kiss his family.
There are a lot of students in the girls.
There is a lot of students in the girls.
There are a lot of student in the girls.
"What did you do?
"What would you do?
"What do you do?
It's going to swim as I am.
It's going to swim as I am singing.
It's going to swim as I'm in mind.
Tom doesn't have enough money to buy everything.
Tom doesn't have enough money to buy it.
Tom doesn't have enough money to buy anything.
Do you have any kind of girls?
Do you know the scars?
Do you know the scars of the girls?
Do your car kiss a bottle?
Do your car kiss a drink?
Do your car kiss a road?
His house is in the station of the station?
His house is the house of the station?
His house is the house of his house is in the station?
How many times is there in your class?
How many times are there in your class?
How many times is in your class in your class?
His news are flowing with toys.
His news are back to the flowers.
His news are raining with the flowers.
You can't be prepared to you this.
You can't be prepared to you that.
You can't get involved you.
I had to spend my car in a place.
I had to reciate my car in a place.
I had to get up my car in a place.
I need to know your answer.
I need to know your answer for you.
I need to know your answer for home.
Please give yourself a new time by day.
Please give me a new time by day.
Please give them to take a new day.
He doesn't like wait for work to do something.
He doesn't like wait for the last time to do something.
He doesn't like wait for work for something.
I can't promise anyone, but I can do with my best.
I can't promise me, but I can do with my best.
I can't promise you but I can do with my best.
It must be the morning, in the morning.
It must be the morning, but the floor.
It must be the morning, but in the cats.
He doesn't like wait for work to do something.
He doesn't like wait for the last time to do something.
He doesn't like wait for work for something.
Don't ask you.
Don't lie to you.
Don't worry you.
I rereciate you as a safe.
I rereciate you as a keys.
I rereciate you as a key.
Seen of the world, this death is very good.
Seen more than French, that looks very good.
Seen of the world, this death is very beautiful.
I learned to play of the museum.
I learned to play the road.
I learned to play of the store in ten years.
I have no idea what we have to do.
I have no idea what we do to do.
I had no idea what we have to do.
I was working hard but but he had to learn.
I was working hard but but he had a lot of meen.
I was working hard but but he had a lot of wine.
You should get up at the fire every day.
You should get up at the station every day.
You should get up at the fire every morning.
You can't kill you in your mind.
You can't tell you in your mind.
You can't ask you for your mind.
He arrived to do that problems.
He arrived to do that us problems.
It's time to do that us problems.
This movie is so easily as it is broken.
This movie is so easily what it's broken.
This movie is so different than that he is broken.
I didn't know why I had no choice to do that.
I didn't know why I was choice to do that.
I didn't know why I had no choice to do this.
You can't buy this chance.
You can't buy this medicine.
You can't buy this word without order.
Did you have any last name, Janese?
Do you've been advised the Mam?
Did you have any advice in Janese?
One of a little longer is a little faster.
One of a little longer is a bit faster.
One of a little longer is a little bit.
I think it's time for me to get that food.
I think it's time for me to do that food.
I think it's time for me to get this evenation.
He called his father of his father's health.
He called his father of his father is involved.
He called his father of her father is involved.
Americans, the blood, and the scene of the baby is a great experience of a great experience.
Americans, the blood, and the scene of the baby is a great experience.
Americans, the blood, and the scene of the baby is a great experience of a forever.
The scene, the blood, and even the suline, and even the way, and even the Earth of the Earth, and even the way, and even the Earth of the Earth, and even the Earth of the Earth, and even the Earth, and the Earth of the Earth, and the Earth of the world, and the Earth of the meeting, and
The scene, the blood, and even the suline, and even the way, and even the Earth of the Earth, and even the way, and even the Earth of the Earth, and even the Earth of the Earth, and even the Earth, and the Earth of the Earth, and the Earth of the world, and the Earth of the world, and
The scene, the blood, and even the suline, and even the way, and even the Earth of the Earth, and even the way, and even the Earth of the Earth, and even the Earth of the Earth, and even the Earth, and the Earth of the Earth, and the Earth of the world, and the whole pet, and whole
The presiest has had been trying to make the future of his promises.
The presiest has had been trying to take the news of his promises.
The presiest has had been trying to make the future of his promiss of the hospital.
In Japanese is still a natural paper, and the hotel and deal, and they are all the world to understand.
In Japanese is still a natural paper, and the hotel and deal, and they are all the world.
In Japanese is still a natural paper, and the hotel and deal, and they are all things.
This death is known to swim, but I don't want to get out of this.
This death is known to swim, but I don't know what she's doing.
This death is known to swim, but I don't know what she's going to get out of this.
Let's call a cat at a cat lacm in the political America.
Let's call a cat at a cat lacm in the political American.
Let's call a cat at a cat lacm in the political American America.
It's funning to the sky of the Internet of the Internel of the Internel.
It's funning to the sky of the Internet of the Internel of the Internel of the Internel.
It's funning to the sky of the Internel of the Internel of the Internel of the Internel.
In a lot of view, but he's impressed to learn, he is impressed for a speech.
In a lot of view, but he's impressed to learn, he is impressed.
In a lot of view, but he's impressed to learn, he is impressed for a speective.
To make a poet of a poor, he must have pleased to prove a few hours.
To make a poet of a poor, he must have pleased to prove a long time.
To make a poet of a poor, he must have pleased to protect.
I've never seen a teacher to do that you'd be disappointed for a ticket.
I've never seen a teacher to do that you'd be disappointed for a tire.
I've never seen a teacher to do that you'd be disappointed for a case.
The neightors were experienced to make a trip of the company.
The neightors were experienced to make a trip of the company in the company.
The neightors were experienced to make a trip of the Euroination.
I don't think you're going to go to me.
I don't think you're going to go to me in a hotel?
I don't think you're going to go to me in a shop?
What he didn't have to solve the only one of this word, he would be a word.
What he didn't have to solve the only one of this wine, he had a house.
What he didn't have to solve the only one of this wine, he asked to be a word.
I have a few questions, as I wrote a book.
I have a few questions, as I wish, as a book.
I have a few questions, as I wish to a book.
The company was really short, but it would be surprised.
The company was really short, but it will be surprised.
The company was really short, but it would be survivsed.
Experience are often painted with their eyes.
Experience are often disappointed with their eyes.
The experience are often painted with their eyes.
This cake will take a piece of life.
This cake will take a piece of life from the sky.
This cake will take a piece of life from the bill.
I read the same meal, he is a woman woman.
I read the same meal, it's a woman woman.
I read the same meal, it's a woman.
When I went to the university, I still have plented by the baby.
When I went to the university, I still have plented with the baby.
When I went to the university, I still have pleased to the bag.
How can we be quiet with the world.
How can we be quiet with the world!
How can we be serious with him.
Tom introduced clegally and building in the village.
Tom introduced caused and building in the stamp.
Tom introduced clegally and building in the strees.
John was glassed me, so they decided to him without him.
John was glassed me to call her, so they decided to him without him.
John was glad to call her, so they decided to him without him.
After the glass of his parents, Anand and his father was the only way.
After the glass of his parents, Anand and his father was the only one of his brother.
After the glass of his parents, Anand and his father was the only one of her.
You should choose a job with your feet.
You should choose a job with your feet and deal.
You should choose a job with your feet and dead.
Let's take this book, I learned all things for the teacher.
Let's take this book, I learned this thank to your efforts.
Let's take this book, I learned all things in the teacher.
The more all of the world of the greatest of life is "dead."
The more all of the world of the greatest of life is "dead.
The more all of the world of the greatest of life is "leal," they were hungry. "
You need to have a lot of address to be a tire.
You need to have a lot of address to be a tight.
You need to have a lot of address to be a tight meal.
The last thing I want to do is care of our problems.
The last thing I want to do is drink.
The last thing I want to do is beer.
There was always too much suges in his own.
There was always too much sugar in his own.
There was always too much sugames in his own.
I stayed on my old friends at the party.
I stayed on my old car to the party of the other day.
I stayed on my old car to the party of the day.
The others can't solve this who is true.
Animals can't solve what who's true.
The others can't solve that who's true.
She is broken the older than experience than everybody.
She is broken the older than experience than they live.
She is broken the older than experience than they.
My mother and the mother and she is tired, and she went to the house.
My mother, the mother and his mother and she is tired to the house.
My mother, the mother and his mother and she is tired from the house.
Most more one of course, she was a painting.
Most more one of course, she was an inside.
Most more one of course, she was a tight.
Boys students to the new top of the class.
Boys students to the class of the class.
Boys students to the clear of the class.
The summer was the last top of the summer.
The summer was the last way to make the news.
The summer was the last man to make it.
The fort of Nort of Nap of my keys.
The fort of Nort of Nap was born in Moo.
The fort of Nort of Nap was born in Modo.
I'm sorry I don't want to make you what you need.
I'm sorry I didn't want to make you mind.
I'm sorry I don't need you to know that you need.
Though, the future, the future looks like a big daughter.
Though, the future, the future looks like a big hair.
Though, the future, the future looks like a great kiss.
It's not as the heavy than the theater.
It's not as the heavy as the teacher who gives me.
It's not as the heavy as the teacher who is waiting for me.
He broke the half in making.
He broke the half in making making.
He broke the half in the use of this cost.
This is the house of the house when he was child.
This is the house of the house when he was sure.
This is the house of the house that he was the house.
If you don't have a short, they will have pleased.
If you don't have a short, they are involved.
If you don't have a short, they will have plented.
Those who were broken-safe.
Those who were broke-safe.
Those who were broken-deo.
My grandmother is afraid of a good thing?
Nah! What's something to do something?
My grandmother is afraid of thing to eat there?
Tom, who is taller, but to do anything for me.
Tom, who is taller, but to make anything for me.
Tom, who is gaining, and I can do anything for me.
Children are going to swim in a high on the city.
Children are going to swim in a high on the town.
Children are going to swim in a tears.
"Look, a teacher!" America! "
"Look, a die!" America!
"Look, a lover!" America!
"Heart and" all the same teacher. "
"Heart and" all the same teacher.
"Heart and" "how of course will be disappointed.
I suppose that's different when you have to go to the keys.
I suppose that's different when you have to get to the keys.
I suppose that's difference when you have to get to the keys.
I always got a good teacher in my poet.
I always got a good teacher in my poor.
I always got a good teacher in the bag.
The story of this case of this killed has been playing.
The story of this case of this killed was born.
The story of this case of this killed has been sucked.
