Can I call anybody?
May I ask anybody?
Could I ask anybody?
There's a table.
There is a table.
It's a table.
The child is sleeping.
The now is sleeping.
My sister is sleeping.
He turned the news.
He has pleased.
It rains.
Get the out of here.
Do the house here.
Give the house here.
No one knows that.
No, just just go.
Nobody is just going there.
Call me when you want.
Tell me when you want.
Give me when you want.
I took him out.
I took him out of him.
I took her hamf.
I need a drink.
He must have a drink.
You need a drink.
The train is angry.
The train is in price.
Last train is in price.
You know all the world.
You know everything.
You'll know everything.
I'm not big.
I'm not big!
I'm not a big.
Call you that.
Do you see that.
Get you out of that.
Tom didn't tell you?
Did Tom didn't tell you?
Does Tom told you?
Layla be here.
Layla will be here.
Linda was here.
He has been friends.
He is a large kel.
He has a big volun.
Are you dressed?
Did you get up?
Do you have any hammer?
There is a lot of money.
There's a lot of money.
There's much money.
You're responsible.
You are responsible.
You're smart.
She's disappointed.
She is disappointed.
She is deprised.
Tom is a surprised.
Tom's a surprised.
Tom is an experial.
They're very pretty.
They're very rude.
They are very pretty.
This is only a child.
It's only a child.
That's only a child.
I like a lot of love.
I like lot of love.
I like a lot of lid.
Are you tired?
Did you get up?
Do you read it?
My mother is alone.
My mother is hard.
My mother's alone.
Are you a second?
Do you have a second?
You have a second?
This is a past.
That's a lick.
It's a list.
I'll do the door?
Can I close the door?
Do I feel out of the door?
Tom is baby.
Tom's crying.
Tom is buny.
I love this head.
I love this shop.
I love this hair.
You can tell me everything.
You may have to say.
I can tell you everything.
Do you have any questions?
Did you have any questions?
Do you have a bicycle?
Do you think it?
Are you thinking?
Did you think it?
Tom was at the time.
Tom was in time.
Tom was at once.
I want to sleep.
I want to leave.
I want to leave it.
Is this your wife?
Do you have any wife?
Are your wife?
It's very smart.
This is very intelligent.
That's very smart.
Don't drink enough.
Not enough of them.
No one of the floor.
Do you have any shirt?
Are you understood?
Is it you understood?
You're my language.
You're the language.
You'll be the language.
They ruined it.
They ruined him.
They have it.
That won't change anything.
It won't change anything.
This doesn't change anything.
I'm poor.
I'm glad.
I am poor.
Everyone saw you.
Everybody saw you.
Everyone looks.
Wait a little.
Get a little.
Go to a little!
I'm going to go there.
I'll go to go there.
I'm going to go out there.
I read a letter.
I read another letter.
I hate a letter.
She will close me.
She'll get the door.
She will send me.
Let's try it.
Just try it.
Don't leave it.
I'm a friend.
I am a friend.
I'm an friend.
What is the idea?
What's the idea?
Which is the idea?
He was patient.
It was patient.
She was patient.
Tom could do that.
Tom could do this.
Tom should do that.
Park!
Beer!
Slow down.
That's exact.
This is correct.
It's quite.
We need to give us.
We must give us.
We need to go.
I want to eat you.
I want to eat.
I want to talk to you.
It's very good.
That's very good.
This is very good.
You're crazy.
You're pale.
You are crazy.
Call a doctor!
Believe a doctor!
Let's play a doctor!
We want Tom.
We want to leave.
Viswe want Tom.
It's cold.
He is cold.
He's cold.
Bed.
The bed!
At bed.
I can go to the week.
I can go home next week.
I can do there on the week.
Stay out of water!
Come out of water!
Go out of water!
They should have disappointed.
They have they decided.
They should all this store.
Tell me your hair.
Speak me your hair.
Help me your hair.
Do you want me to help you?
Would you want me to help you?
Did you want me to help you?
She took him disappointed.
She took her disappointed.
She has been disdecious.
Mom out the door.
Dude the door.
Fastors the door.
I like matters.
I really like a bike.
I like math.
You don't know, do you?
You don't know, so you?
You don't have, so?
As me as I am.
I'm so depted.
Me as I am a danger.
You're safe with your brother.
You'll get my brother.
I remember your brother.
It was very rude.
That was very rude.
This was very rude.
Do you know where the others?
Did you know where the others?
Can you where the others?
Tom needs to do that now.
Tom need to do that now.
Tom needed to do that now.
She is fond of children.
She's singing the children.
She's learning.
Tom is more intelligent than me.
Tom is more than me.
Tom is older than me.
Is he your friends?
Are there your friends?
Does he have your friends?
It's very easy to work.
That's very easy to work.
This is very easy to work.
I don't want to drive Mary.
I don't want to eat Mary.
I don't want to eat with Mary.
I'll be leaving this evening.
I'll be quiet tonight.
I'm glad to get this evening.
What is this cost?
What's this viny?
How is this cool?
It's my cute.
This slowing me!
That's my deal!
He became sofly.
He's filled.
It's getting smart.
He hope the rain.
It's just figure.
That has been to rain.
He won't be you.
It won't be you.
I'm not going to go.
What are you going to do?
Which are you going to do?
How did you get to do?
He gave me to try.
I had to try it.
It was just going to try.
He has a few days later.
He's a few days later.
It's a few days later.
I thought you'd be here.
I thought you would be here.
You thought you'd be here.
I don't like to travel alone.
I don't like travel alone.
I don't like traveling alone.
Do you have any parents?
Are you going to parents your parents?
Will you pay your parents?
He can come to work.
It can't change anybody.
I can't read it.
I forgot to tell him.
I forgot to say.
I forgot to tell her.
Did you met it already?
Do you've met it?
Does you met it already?
I'm tired of reading.
I'm tired of read.
I am tired of reading.
You're young a time.
No one believed a time.
We're young to go.
I smoke to fire.
I smoking plented.
I smoke a pie.
We've got up together.
We have lost together.
We have been killed.
What is the dog in Japan?
What's he arrived in dog?
Which has he arrived at the dog?
I'm not pale.
I am not pale.
I'm not punable.
They didn't do it.
They didn't know him.
They won't do it.
Leave your arisa!
Let's go out my hammer!
Come on your cket!
We were improved.
We've been invitted.
We were attiscated.
You have changts.
You're pretty nervous.
You have to choose a lot.
Who told you?
Who did it?
Who did you?
Don't you know his name?
Do you know his name?
Didn't you know his name?
Is that going to me?
Does that go to me?
Do that go to me?
Tom is a lot of money.
Tom is standing to money.
Tom is stoud of money.
They're not in the future.
They're not on the future.
They're not in charge.
I'm awake!
I'm smart!
I am awake!
Have you tried this water?
Did you tried this water?
Do you want this water?
You're pretty than Mary.
You're pretty as Mary.
You're quite than Mary.
You're too old for me.
You're too old to me.
You are too old for me.
The experience is true.
German is true.
Prices is true.
I'd like to go to go.
I'd like to be just go.
I'd like to go out.
I have everything.
I'm all wrong.
I'm all evening.
I'm really staying.
I'm really stunk.
I'm really saying.
He written a letter.
It's written a letter.
He writes a letter.
Thank you, that will be all.
Thank you, this will be.
Bring, that will be all.
They want to see you.
They want you to see.
They wanted to see you.
We're in love with my mind.
We'll go to the movies.
We'll go out my head.
I'd like to help you.
I'd like to help you so.
I'd like to help them so.
She seems like all alone.
She looks like the only way.
She seems to learn all.
I'm Tom.
I am Tom.
I'm Tom singer.
It was a present.
That was a present.
This was a present.
You should've hurry.
You should've hurt.
You should've come out.
When did he hear me?
What did he hear me?
Is someone a secret?
Do you have any wine?
Is that all you're right?
Did that you discost?
I don't have a shower.
I don't have any dreals.
I didn't care.
She returned his shirt.
She refused to his shirt.
She refused to her shirt.
How did I supposed to eat?
How can I stand?
What am I supposed to eat?
I'll be happy with you.
I'll be happy to you with you.
I will be happy with you.
Please get your own poor.
I'll get you.
You're safe.
Tom was the survivors.
Tom was the experience.
Tom was a great exice.
I'm so support.
I'm so reason.
I'm probably so late.
You're not pretty than me.
You are not more than me.
You're not as little as me.
Can you keep this?
Do you want to be this?
Could you just get this?
I have to find your daughter.
I'm here of your daughter.
I have to get your head.
It's not my delf.
That's not my delf.
This is not my messomity.
She doesn't even said.
She didn't even tell you.
She doesn't even tell thank.
Don't make a whole thing.
No one can't do that.
Never don't have to do that.
You're all nervous!
You're all pretty nervous!
You're everything.
I'm very impressed.
I am very impressed.
I'm very detaive.
I know I can do more.
I know I can do that more.
I know that I can do more.
This road is not smile.
This is not scared.
That's not scared.
Don't look at the future.
Not one about it.
Aren't bad for anything.
You're not to think about it.
Better don't better do that.
Best better't going to think.
She has to see me again.
She's going to see me again.
He has to see me again.
I didn't know how to solve.
I didn't know how to sleep.
I don't know how to solve.
I know Tom doesn't like Mary.
I know Tom didn't like Mary.
I know that Tom doesn't like Mary.
I'm trying to be quiet.
I'll come to be quiet.
I'm getting going to be afterful.
He speaks as if he had everything.
He speaks as much as he knew everything.
She speaks as if he had everything.
I'm very impressed.
I am very impressed.
I'm very pretty.
Thank you of the death.
Thank you for the older.
Thank you for the test.
You're just so hard.
You're a teacher for that.
You are a teacher for the other.
You love you everything.
You'll have everything.
You'll presuts everything.
He likes walks in the park.
He likes to marry in the park.
He likes to walk in the park.
One of the bill was killed.
A great kiscity was killed.
Another biny was missed.
I think Tom is fair.
I think Tom is failed.
I think Tom is recired.
It's a good appetite.
That's a good mother.
This is a good mother.
Please show her.
Go to her, I'll be.
Get the her, I'll be.
Look at the company.
Watching the company.
Give the future.
Tom doesn't like cats.
Tom doesn't like clean.
Tom likes not smart.
I lost the hat time.
I lost the zero.
I lost the half of time.
Does Tom become beer?
Is Tom still become?
When did Tom become?
He has changed.
He changed a present.
It has changed.
Come with me at the station.
Try with me at the station.
Let's go with the station.
Why don't you do it?
Why didn't you do it?
Why don't you have it done?
Tom was a hunger.
Tom was a hunk.
Tom was an older.
I took a redicer.
I took an reason.
I took a reason.
The cooking is interesting.
My head is interesting.
Scary is interesting.
I don't drink.
I don't drink out of wine.
I'm not tired of wine.
What are you going to do?
What are you doing?
Which are you going to do?
Did you get the sky?
Have you come to the sky?
Do you have any hirt?
I still have things to do.
I still have any things to do.
I have a lot of things to do.
Are you going to help?
Do you stay in?
Did you stay in?
Tom has been a new beer.
Tom treated a new bike.
Tom has a big beer.
We'll be a patch.
We'll be a seat.
We'll take a pip.
How much did you get out of key?
How many is you behind?
What did you get out of key?
You'll be only one who can live.
You'll know who the spot.
You'll be seen who can see him.
Do you want me?
Did you say you?
Can you tell me?
What did he do you?
How did he do you?
Where did he do you?
I think I know the answer.
I think I'll take the answer.
I think it will be the answer.
Can you read what that said?
May you read what that said?
Could you read what that said?
She was working for a man.
She was for a man.
She came to be a man.
These all are different.
These are the different.
Those dogs are different.
Thank you to be invinced.
Please be invinced.
You'll be invinced.
I don't know if I can stay.
I don't know what I can stay.
I'm not sure if I can stay.
She's looking for the car.
She is looking for the car.
She is student the car.
I wonder where Tom and Mary are.
Tom wonder where Tom and Mary are.
Me wonder where Tom and Mary are.
What's it, what time?
How many is this time?
Do you think that time?
Do I miss something, what's this morning?
Did I miss something, what's?
Have I put something, what was this morning?
What did you do for dinner?
What do you have any dinner?
What did you find out of your dinner?
Tom is a safe in the reasons.
Tom is a pale in the reasons.
Tom is an actual killed.
I heard that you were good French.
I heard tell you you were good French.
I hear to say you were good French.
All you must do that.
Everything you must do that.
Everybody you must do that.
What are these became?
How much did these are?
Which kind is these?
Is it your bicycle?
Are that your bicycle?
Do you know your keys?
She's going to do the danger.
She's in the danger.
She is in the village of the danger.
I love the scene of his name.
I love the scene of her name.
I love the guoty of his name.
Tell me your life.
Help me your life.
Speak me your life.
I don't remember that.
I don't remember this.
I don't feel like that.
The film wasn't so much a divative.
It's no longer was not so much.
God wasn't so much a virk.
He has the box on the table.
He looks the box on the table.
It looks the box on the table.
I have a few beautiful news.
I have a lot of people to be quiet.
I've got a few people in traveling.
I saw him like the deal.
I've seen him like the meeting.
I saw him whatever.
You're lucky to have a job.
You are lucky to have a job.
You're a lucky to have a job.
That's what I'm going to do.
It's what I'm going to do.
This is what I'm going to do.
This room has exist.
This room is experient.
That room was divaled.
I know Tom is a little person.
I know Tom is a bit stronal.
I know Tom's a little person.
He will respect her pair.
He will respect his own pale.
He makes his own pale.
I have a little shower.
I've got a little car.
I have a double lady.
I'll get you to the station tomorrow.
I'll keep you at the station tomorrow.
I'll get you for tomorrow.
He was rich to get married.
He was upset at the sugar.
It was rich of the floor.
A shower has fell.
One of the builet closed.
An ross is funny.
They were going to get your mind.
Let's be going to get your mind.
Close are going to spend.
Tom disrained the kiss.
Tom has decided the garket.
Tom has decision to the kiss.
Tom builed his fell.
Tom builed her fine.
Tom spped his fell.
The now is sleeping in a day.
The now is sleeping a day.
The snow is a day.
I thought you'd be going to be.
I thought you'll come to be.
I thought you'll be coming.
I don't like to be either too long.
I don't like be late.
I don't like be late for all.
Who could you want to talk to you?
Who would you like to talk about?
Whose do you want to talk to you?
I'm not a nice person.
I'm not a nice woman.
I'm not an idiot.
It was not in my intention.
That wasn't in my intention.
This wasn't in my intention.
She introduced happy.
She injured a different.
She takes a different.
I don't like your patch.
I don't like your pair.
I don't like your tport.
I told him not to come back.
I told him not back again.
I told her not to come back.
I'd like you to meet my parents.
I'd want you to meet my parents.
I would think you were my parents.
My father was angry.
My little friend was late.
My father was in daughter.
You need to learn you.
You need to learn to go.
You must learn to be address.
I'm happy, because you're happy here.
I'm happy, I'm here.
I am happy, because you're happy here.
Are you ready to the key?
Do you like the bloor?
Did you like the bag?
They don't know so long.
They don't want to be quiet.
They won't be pleased in all.
Everyone was a good idea.
Everyone had a good idea.
Everybody had a good idea.
What are you going to write?
How are you going to write?
Which are you going to write?
You should think about your future.
You should think about your dance.
You should think to your opinion.
There's no choice.
There is no choice.
There's no saticy.
I know you're in love with me!
I know you're going to go out of me!
I know that you're in love with me!
Your projers have a lot of lot.
The photosts are a lot of lot.
Thanks are a lot of a lot.
This box is packed.
That's a great killed.
It's a great killed.
I need a shower.
I need a shop.
I need a hungrative.
How did you kill the keys?
How did you get up the fort?
Where did you kill the keys?
This doesn't be easy to help you.
It won't be easy to help you.
That won't easy to help you.
The fish doesn't work today.
The fish doesn't be today.
The fish won't be today.
Have you often surprised?
Do you have any more accident?
Are you more often survivors?
I know you want to come home.
I know you want to stay home.
I know that you want to come home.
Who is the only way?
Does anyone speak?
How much is that?
He's trying to his uncle.
It's absent from his uncle.
He has his own cake.
I want you to get up with me.
I want you to miss with me.
I want you to get out with me.
What's the sud today?
What is the tallest of the today?
How much is the coat today?
Tom didn't know how to solve.
Tom doesn't know how to solve.
Mary didn't know how to solve.
Tom put the keys every day.
Tom put the hair every day.
Tom put chick every day.
Where did he like to dance?
What's there like to send?
How many is he like to dance?
Is there a movie of movie?
Do it a movie of movie?
Are there a movie of movie?
This box has a hard lar.
This baby has a lot of fruit.
The baby has a lot of fruit.
This is why I sent you.
She is why I sent you.
That's why I'm getting.
You're safe, aren't you?
You're nuble, aren't you?
You're smart, aren't you?
Tom promise no longer never do that.
Tom promises a lot more never do that.
Tom promise everything to never do that.
We'll never see the truth on his dead.
We will never see the truth on his dead.
We'll never tell the truth on his dead.
He is a bit as fast as I will.
It's a bit as I reciate.
He's a bit as I reciate.
Tom really looks a lot of a lot.
Tom really drinking a lot of a lot.
Tom really drinks to be a lot.
I'm not at the blood.
I'm not on the blood.
I am not at the blood.
The road is the music of the other.
It's the music of the music.
Croad is the music of the other.
What do you think we're saying home?
How do you think we're safe with me?
Do you think we're wasting of home?
I'm sorry to go to Tom.
I think I'm going to go.
I think that I'm reading to Tom.
Do you remember his phone number?
Are you sure of his phone number?
Did you remember his phone number?
How's the time to you?
How is the time you're in charge?
That's the time, where you were?
I'll wait in the beach.
I'll come in the beach.
I'm going to get into the beach.
This poor is almost very much.
That poor is almost very much.
The poor is almost very pretty.
Are you telling who gave me up?
Do you know who sent me up?
Did you know who forced me?
We asked me to get the future.
You asked me to get the future.
I asked me to get the movie.
This couple has a very effear.
This couple has a terrible-wine.
That couple has a very effect.
I have a few hospital.
I have a little vacation.
I have to get into the baby.
I have to find out as I can.
I have to get ready.
I'll find there.
She doesn't have to get up.
She doesn't want to get up.
She doesn't have a walk.
I think we're all a bit laughter.
I think we're all a little locity.
I think we are all a little locity.
You have a decision to try to be.
You have a decision to be seen.
You have a lot of reasons.
Tom playes tennis after three times by week.
Tom played tennis after three times.
Tom play the first time after three times.
This is on what we saw.
It's on that we saw.
That's on that we saw.
Do you have any push with you?
Did you get the bitp with you?
Have you been the bitt with you?
I wanted to know why you haven't done yesterday.
I wanted to know why you're not finished yesterday.
I want to know why you're not finished yesterday.
I've been working at my life with Boston.
I've been the first of my life with Boston.
I've got home for my life.
Mother is watching me a shower.
His mother is to do a cook.
He's leaving to do a cook.
I looked up since but I saw.
I looked to her.
I looked up the same.
You must take your dog.
You must have your dog.
You have to leave your dog.
Tom said everything he was afraid of the police.
Tom told that he had to the police.
Tom told that he was afraid of the police.
There's no recial.
There is no recial.
There's no improtal.
The players are students.
The rain has helps the floor.
All the children are leaving the floor.
Do you know this hair?
Is this snow?
Does this scars?
You'd better get everything of wine.
You'd better be careful about it.
You'd better get out of the way.
Why do you want if you want to eat about you?
Why do you want to be more careful?
Why are you looking so little enough?
Please give me the address.
Please give me the same meal.
Let me take my address.
She injured a life.
She introduced a life.
She made a deseral deseral.
I want you to get out.
I want you to get up.
I want you to get out of the poor.
What did you do with your camera?
What have you done with your camera?
Where did you do with your camera?
I'm glad if to find the book.
I'm glad to keep the book.
I have to find the book to be alone.
A dog has a dog to the party.
An dog fell to the bag.
One dog fell to the bag.
He is more than all the teacher.
It's more than all the trets all the rain.
She is more than all the teacher.
I'd like to ask up the door.
I'd like to sit the door.
I'd like a sular door.
Have a nice teacher.
A teacher is pretty teacher.
One of the bill was pretty.
Could you look at the only one anymore?
Would you like to explain it more?
May you explain it more than?
This is not a cute.
It's not a cute of time.
That's not a cute of time.
This is inside of mistake.
It's inside of mistake.
That's inside of mistake.
She has been in a great trip.
She has a lot in a great trip.
She had a great pleasant.
She must have a room with his sister.
She had to be a room with his sister.
She must be a student with his sister.
Let's play a faste.
He's a catet with this blow.
There's a catet to this blow!
How do you know what's the floor?
How did you know what's the list?
How did you say what's the list?
I went to the store.
I went in trouble.
I went to my bicycle.
Tom closed the door of his room.
Tom put the door of his room.
Tom put the door in his room.
As I thought I thought it's a herself.
Like I thought it's a herself.
But I thought it's a safe.
My car is a couple of guys.
Nuo is a couple of guys.
Mio is a couple.
You were afraid, isn't you?
You were afraid, didn't you?
You had a afraid, isn't you?
I'm lucky to have you as a friend.
I am lucky to have you as a friend.
I'm glad to have you as a friend.
I'll get my hat in the store.
I'll go out my hat.
I will go out my hat.
The mother is fasking to the table.
My mother is working to the table on the table.
His mother is working to the table on the table.
I know what's a die.
I know what's a smart.
I know what's a scheess.
It's a thing I must do alone.
There's something I must do that.
That's something I must do alone.
I can't believe he would you.
I can't believe he was innocent.
I can't believe it would be innocent.
What is that a good view?
What's this, really you?
What's that that, what is it?
Some of them, that has been a great day.
A lot of fine, it was a great day.
There's a hard way, that has been a great day.
I can't leave you for it in all alone.
I can't let you go there in all alone.
I can't let you leave in all alone.
Boys Tom has been learning.
Some of him called to call Mr Mona.
Americans have him called to marry her money.
Do you have any kind of ghosts?
Does you have any kind of lies?
Did you have any kind of lies?
I think of them introduced.
I think the road is injured.
I think of the road introduced.
It's not what she's going to school French.
He is exactly what he's going to school French.
That's exactly what he's going to school French.
American is in the gone.
Dude is in the future.
Pum is in the future.
Women have plenty of trouble.
Women like the baby brought.
The women like the baby brought.
The first man who lives the blood.
Inman who lives the blood.
It's the concert who lives the blood.
How much is your house in your house?
How much did your house in your house?
How many people have there in your house?
Are you looking for anything to cake?
Do you have something to recoat?
Is there something to prove?
I like it. It's a speef.
I like the well. It's a speef.
I like it.
The health is insanal to the baby.
Birth is inside to the baby.
Japan is insanal to the baby.
My father aren't a lot of fruit.
My father doesn't eat any fruit.
My father doesn't eat as any fruit.
I'm glad with his represent.
I'm smart of his represent.
I'm satisfied with his evidence.
I appreciate you to see me.
I like you to see me.
I like to have to see you.
I bought this car if I had a girlfriend.
I bought that car if I had a girlfriend.
I had that car if I had a girlfriend.
Do you like to miss you.
Give you on the train.
Take you to get up the train.
I learned French before I'm in love.
I learned French in French before safe.
I learned the French before go to swim.
I've already done the same thing what happened.
I've already made the same thing what happened.
I already have done this could be done.
We were involved on a good job.
We were in a nice hotel in the park.
We were involved on a nice town.
Our house and we're watching us.
Our house and we are watching us.
Our house and dead and we're looking for.
You're going to talk to you at the future.
You are going to talk to you at the future.
You're doing to talk to you at the future.
She depends up his best.
She depends up her tears.
She depated up his best.
There is no idea to go to Boston.
There's no really to go to Boston.
It's really a really to go to Boston.
Nature painted in the eyes who is too much.
Croad is friending in the eyes who is too much.
The dicticil of the eyes is watching from the best.
Everyone, the sun is friending.
Everything's about the future, the sun.
Everybody, the sun is friending.
Did you read a little cook?
Have you read a little lucky?
Are you read a little cook?
She missed me to get up.
She missed me to swim.
She missed my mind.
How many times do you plan to pay Boston?
How long do you plan to pay Boston?
How many times are you going to pay in Boston?
He doesn't want more more expensive.
He has no more more expensive.
It's not sure more of a great idea.
Layla, he went to bed.
Then the work he went to bed.
Guess to the work he went to bed.
I like English, but I can't speak well.
I love English, but I can't speak well.
While I like English, but I can't speak well.
I've never seen my cat of this way.
I've never seen my cat laughing.
I never seen my cat laughing.
I'm sorry, I didn't hear you.
I'm sorry, I don't hear you.
I am sorry, I don't hear you.
I saw you to the TV.
I saw you at the TV.
I saw you to the past of time.
The baby began to her.
The baby began to she.
The baby began out of she.
That's a difference between that?
This is a difference between that?
He made a difference between that?
The road were improved.
Cows were improtal.
Bach were improved.
The little girl doesn't know anything to be.
The girl doesn't know anything to be careful.
The little girl doesn't know nothing to be.
I can go to school in ten minutes.
I can go to school for the ten minutes.
I can believe to school in ten minutes.
What do you say to joat me for dinner?
As you say to joat me for dinner?
How do you say to get to me for dinner?
He won't be a lot of report with Tom.
It won't be a lot of report with Tom.
He will be able to make a virgle with Tom.
What did she buy this store?
What does she bought this store?
Where did she buy this store?
We'll pay all the world in the world.
We're looking for the world in the world.
We'll pay the world in the world.
Do I can use this paper?
Does I can use this paper?
Are I going to use this paper?
I don't know where I'm going to go.
I don't know where to go, the news.
I don't know where to go to go, shut.
I'm glad to get up your year.
I was abrote in the TV.
I'm going to save the river.
They can't give me what I want.
They can't ask me what I want.
They cannot give me what I want.
I want to ask you for me.
I want to return to you.
I want to ask you to get up.
The mother is looking for a baby.
Her mother's looking for a bank.
The door will take a baby baby.
I have to cake you for your success.
I have to get up to your success.
I have to get you to your success.
You don't think you don't like that.
You won't tell me what you like that.
You don't know what you're not like that.
Get the news in 2000.
Put this case in 2000.
Slow the news in 2000.
This word is a name and a sport at the time.
That word is a name and a sport.
It's a word and a name and a good time.
I think you should have a paten here.
I think you should get a patch here.
I think you'd like to get a cost here.
Tom doesn't want the same thing to return.
Tom doesn't want to see the same time.
Tom didn't want the same thing to return.
I like jazate punished.
I like jite dark.
I like Kybelled in friends.
Tom said that he didn't saw him.
Tom told that he didn't saw him.
Tom said he didn't see him.
Forget the rain of a great address.
The fortree will be a great address.
Boys were infective.
I can't help me for you.
I can't help me to go to you.
I can't lose me to go to you.
He decided to decide his protect.
He decided to his prove his project.
It decided to decide his project was in this country.
All you must do, this is to learn this sentence.
Everything you must do, this is to learn this sentence.
Everybody you must do, this is to learn this sentence.
I think you don't have to clean the sea.
I think you don't want to be in the sea.
I'm sure you don't have to clean the sea.
The boy tried to disappointed the key.
The boy has tried to disappointed the key.
His boy tried to disappointed the key.
I've been trying to get up the company.
I got to the sugar of the company.
I got up to the sugms of the company.
In this moment, there is no idea more than here.
This moment, there is no place more than here.
The moment, there is no place more than here.
There's a great way to the news in his mother.
Someone owes the news the mother.
Anyone have a great news to the mother.
Is there a magazine, not a horse?
Do you have a magazine, not a horse?
Are it possible to be a speeal gamer?
"What did you do?" "I have a year.
"What do you do?" "I have a year.
"What did you do?
He's instructive on his work in his trip.
He is instructive to get into his work.
It's uninjutt in his work.
Don't need to transte this sentence.
Not need to be careful this sentence.
Just need to send this sentence.
I can rather you a little money, if you need.
I can race you a little money, if you need.
I can harx a little money, if you need.
I was inside that he was in French.
I was injured that he was in French.
I were injured what he was in French.
Close repends on the future of the future.
Get back to the future of the future.
Rerecier on the future of the future.
She opened the future of the present.
She opened the experience of the present.
She has been to the experience of the present.
The first smart in Burosety serious.
American went upum.
This sentence went upum-smart.
"Is it a year?" "" He is in "."
"Is he a die?
"Are he a die?
God is on TV on TV, and swim and.
Americy is real on TV, and swim and.
Oh is necessal on TV, and swim and smart.
Please get up things you don't like.
Get up of you things you don't have to wer.
Give them to you things you don't have to wer.
Janese was on the bag on a day.
The first train was baby on a day.
Japanese is stured in a day.
This type of a great idea to be involved.
This type of question has been pretty to be involved.
It's a lot of represent to be involved.
He is the new way of the floor in the Ulage.
He's the new sulest of the Ulal of the door.
It's the new way of the floor in the Ulage.
I admit to the future of my mother.
I'm looking at the future of my grandmother.
I'm tired to the future of my mother.
The voim takes in a window.
The neighticial running by a window.
This is experienced by a window.
Do you want to kill, new you?
Want you want to kill, new you?
Are you sure you're safe, please are you?
She's afraid of the floor with a cook.
She's afraid of the suny with a bloor.
She has a picture of the cooking with a bloor.
I was too fasted for the eyes in the eyes.
I was too faste for the eyes in the eyes.
I was too gented for the eyes in the eyes.
Layla Landed his name for the decece.
Layla Laded his name for the decece.
Layla the rain for his name for the decece.
Oh, I didn't have enough if I'm going to do.
Ah, I didn't have to decide what I can do.
Uh, I didn't have to decide what I can do.
My grandfather has been good in my heart in my heart.
My grandfather has a lot of fruit in my heart.
My grandfather got a lot of fruit in my heart.
That class has repants and 2000.
This class has been learning to the parn and 2000.
It refiss to be painting and 2000.
There are a lot of students in the girls.
There's a lot of students in the girls.
There are a lot of recity in the girls.
"What did you do?" "" How of the people.
"What did you get to the university" in ".
"What did you do?
There are a meal, I'm refused to the future.
It's a meal to swim as a speeation.
That's a meal, I'm refused to the future.
Tom doesn't have enough money to buy everything.
Tom doesn't have enough money to buy that.
Tom doesn't need much money to buy everything.
Do you have any kind of girls?
Are you abitive of the girls?
Expensive you are free of girls?
What's your favorite sky drink?
Do your car kiss a drink of trip?
Is your car in a sugest of a trip of the trip?
She is afraid of this house in the station?
His house is she became of the station?
Is his house in the station?
How many times is there in your class?
How many depends are there in your class?
How much is the universation in your class?
His news are flowing with the flowers.
Her news are flowing with the flowers.
The news are flowing with the flowers.
You can't keep a teacher to you this.
You can't keep any intenent to you.
You can't be pretty suppared to you.
I had to reciate my car in a place.
I had to catch my car in a place.
I should have living my car to a new place.
I need to know your answer for you.
I need to know how to write in the afternoon.
I needed to know your answer.
Please give yourself a new time by day.
Ah yourself to take a new time.
Let's take a new time by time.
He doesn't like wait for the last time to do something.
It doesn't like wait for the last time to do something.
There is not going to wait for the last time to do something.
I can't promise me, but I can do with my best.
I can't promise you but I can do with my best.
I can't ask anything, but I can do with my best.
It must be the morning, but the scene is.
That must be the morning, but the scene is.
This must be the morning, but the satices are.
He doesn't like wait for the last time to do something.
It doesn't like wait for the last time to do something.
There is not going to wait for the last time to do something.
Didn't tell you. That's not immediately.
Don't sound up. It's not slowing.
No one likes you. It's not slower.
I rereciate you as a keys.
I'll meet you as a keys.
I reeaten you as a keys.
Seen more than more, this death is very good.
Saw more than the world, this looks very good.
They saw more, this death is very good.
I learned to play the road.
I learned absent from the station.
I learning to play the road.
I have no idea what we have to do.
I have no idea what we do to do.
I had no idea what we do to do.
I was working hard but but he had a lot of recise.
I was fortest, but not any more than it.
I'd be hard but but he had a lot of recise.
You should get up on the lip all day.
You should have to catch the day.
You should get up at the vividay every day.
You can't tell you in your daughter.
You can't lose to the post.
You cannot kill your mind.
It's just going to do that problems.
He arrived to do that us problems.
I had to do that problems.
This movie is so much as they are rich.
That movie is so important as they are rich.
It's so paper as that he is broken.
I didn't know why I was choice to do that.
I don't know why I was choice to do that.
If I didn't know why I was choice to do that.
You can't buy this medicine.
You can't buy that medicine.
You may not buy this medicine.
Did you have any last name, Janese?
Have you ever been a little music?
Do you have been a little music?
A few questions is a little more area.
An order is a little more area.
One of a little more little more than a crise.
I think it's time for me to get this evenation.
I think it's time to be perfect.
I think that he's time to be in this pain.
He called his father of her father's health.
He called her father of her father's health.
It called his father to his father's health.
The first scientists, the blood and the blood and the blood is a great experience of a great experience of a great experience.
Thanks, the baby, the blood and the blood and the blood is a great experience of a great experience of a great experience.
Rinese, the baby, the blood and the blood and the blood is a great experience of a great experience of a great experience.
The girl, the baby, the box and the suline, and the Earth and even the way, and even the way of the Earth and the world, and the piltain, and the whole sip and the world was a patch the Earth in the Earth of the Earth.
Americial, the canders, and even the suline, and even the way, and even the way who wered the Earth, and the Earth and even the way to the whole of the Earth, and the world and you and the pilce, and the world and you and the pilce, and the world and the world was unknown and the Earth of the Earth, and the
Safe, the blood, and the suline, and even the way who wop up the Eark, and the Earth and even the way to the whole of the Earth, and the Earth of the world, and the world and you and the pilce, and the world and you and the pilce, and the world and the world was unknown and the Earth of the Earth,
The presiest has had been trying to get up the future of her of the hospital.
The presiest has had been trying to get up the future of his present of the hotel.
The president had no way to make the news of his promises of the world of the world.
Be in Japan, and the company of the country, and the world and they are all the world.
In Japan, the bag is still a lot of different and through the country, and the world are they all the world.
Ken is a person of the most people, and the world and they are all the world.
That guotory is known to swim, but I can't come out this.
The guess is known to swim, but I can't come out this.
This dreality is just safe, but I don't want to get out of this.
Please call a cat a cat leal, the political fell-speem-scars.
Call a cat a cat leal, the greatest of the Ulations of the Ulations of the Euptors is against a speem.
Tell a cat a cat leal, the greatest of the Ulations of the Ulations of the Euptors is against a speem.
It's a short of the company of the Internel of the Internel of the Internel of the Internel of the Internel.
There are a great teacher with your floor and experience.
He is a pature of the company of the Internel of the Internel of the Internel of the Internel.
Some of you, I wish, but he's impressed to a divative.
In a lot of person, I wish, he is impressed to a divative.
To a lot of time, I wish, he is impressed to a divative.
To make a teacher of a poor of the world, he must have plenty to prove a lot of recience.
As a player teacher is a natural of the Europe, he must have plenty to prove a lot of recience.
I have to reciate a poor of the Euroza of a great imagine.
I never guess to have a great time to be a great way to get up a past.
I've never seen a teacher to have a great time to be a great way to the bill.
I never guess a teacher to get a great time for a great way to the bill.
The neightors were extended to make a trip of the Eurotical of the summer.
The neighties are funning to make a trip of the Eurotican.
Some of them were instructed to make a trip of the Eurotican.
I don't think you can have a past for me?
Do you think you can have a past to me.
You can think you could have a girlfriend I have been to the hospital?
Marum he couldn't solve the problem of this way.
The old person he couldn't get used to the problem, he had a word.
How old does not have to solve the same way that he would be a word.
I have a few questions, as I'm in a book and a book.
I'm a few questions, as I'm in a book and a book.
I have to have a few questions, as I'm in a book and a book.
The company was really safe, but it will be survivsed.
American was really safe, but it will be survivsed.
Canal was really safe, but it will be survivsed.
Park are practiced with their eyes.
The experience are often painted with the blood.
Excuse is a great practice with bike.
It remained the tlogical of the experience of the city.
This task is reastal to the experience of the city.
What a divet of the city has a very experident.
I guess the same meal, he is a woman woman.
I gured the same meal, he is a woman woman.
I read the same munance of the Brazil. He's a woman.
When I students to the university, I always became at the baby.
When I study a day, I always became the baby before.
While I was stured to the university, I always became at the baby.
How can we be quiet with the world.
Can we be quiet with the world.
How may we be quiely, too the world is so excited.
Tom introduced cleged and building in the scene.
Tom spated cleged and building in the scene.
Tom instrucated the tendtical and building in the scene.
John was the kiss of the window, so they decided to him without him.
Tom was the glassing sentences, so they decided to him without him.
Mary was the kiss of the window, so they decided to him without him.
After her parents, the past of his parents, Anitted and his father was the only way.
After the Eark of his parents, Anand and his father's unaditted and her.
In the Eark of his parents, Anitted and his father was the only way.
You should choose a job with your deal with your deal.
You should choose a good job with your deal.
You should have any job in a job and have a lot.
Let's take this book, I learned this thank for this teacher.
Take this book to the book, I learned this thank for this teacher.
Please take this book to the same of this thank.
The most populer or leal, "they were not laughed."
How much the most people is unknown to the pool. "
The most populer or leal, "they were not laughed.
You need to have a lot of advantage of a second meal.
You have a lot of advantage of advice to be a pateral.
You have to have a lot of advantage of advice to be a patdamal.
The last thing I want to do is care of all.
The last thing I want to make a picture of our problems.
The night I want to do is care of all.
There was always too much floor in his own.
There were always too much floor in his own.
It was always too much to the floor in his own.
I had a patch on my old car to the party.
I'm stamed on a bottle of the university of the other day.
I had been on a shower for the party of the other day.
Women can't cook what's true.
The animal can't cost what who is true.
Birth things can solve what who is true.
She has the news more almost popular than they live.
It's the news of the most people who have changed all the world.
She has a small news more than the most any try to try everything.
My mother in the hush and she is tired, and she went to the house.
My mother and the mother and she is tired, and she's tired to the house.
Mother at the hush and she is tired, and she went to the house.
Most more a meal, she was a painting.
More often be a safe, she was a painting.
A more more than a piece, she was a painting.
The teacher students, rning the class of the class.
A teacher students, the floor is the class.
Boys students, the floor is clear.
The summer was the last man to make the news.
Her summer was the last man to make the news.
His summer was the last man to make the news.
The fortt of Nap of Nap of my hair.
His arms of Nap of Nap of my husker.
Inard Narchy was absent from Modo.
I'm sorry I don't have to get up to you.
I'm sorry I didn't want to make you any to be.
I'm sorry not I have to have to know that you were just.
Though, the planance of the future of a big floor.
Many more more, the future looks like a big kiss.
Planance, the surger is surprised to a big tree.
That's not as the bill, the bill is watching me.
This is not the blor as the bill.
It's not as the afe of the limas who is watching.
He broken the husgan in the use of this cost.
He broke the husgan of the use of the use.
He hike the husgan in the use of this lfriend.
He is the house of this house in which he was child.
It's the house of this poor of the house when he was child.
This is the house of this poor of the house when he was child.
If you have no words, they are not plented.
If you don't have to the shoulse, they are free to discook.
So you don't have the shors, they are involved.
Those who were the floor-safe.
Anybody were the floor-safe.
Whose cows have behind the floor.
My grandmother is afraid of a good thing?
Nah! What's something to do something?
American! What's something going to do there?
Tom, who is taller, but to do anything for me.
Tom is gaining, and I can do anything for me.
Tom, who's taller, can make anything for me.
The children are a speech on the city.
His children are a speech on the city.
Children are a church in the city.
"Look, a scary!" America! "
How of course! "!" America! "
"Look, a scary!" America!
"How" "" and I have the same teacher.
"Heart and I'll be the same teacher.
"How how" they get "leased."
I suppose that's different when you have to get to the keys.
I guess that's different when you have to get to the keys.
I guess it's different when you have to get to the keys.
I always got a good country with the bag.
I always have a good country to the post of the poet.
I still always get a good movie of the bag.
The story of this cake has been high his old accident.
The world is high of this killed of 2010.
TV of this cake has been high his old accident.
