Can I call anybody?
May I ask anybody?
Could I ask anybody?
There's a table.
It's a table.
He is a table.
The now is sleeping.
My sister is sleeping.
At the now.
He has pleased.
It rains.
That's the only way.
Get the out of here.
Do the house here.
Give the house here.
No one knows that.
Nobody is just going there.
Not one knows that.
Call me when you want.
Tell me when you want.
Give me when you want.
I took him the key.
You took him the key.
It took her advice.
I need a drink.
He must have a drink.
You need a drink.
The train is in price.
Last train is in price.
Japanese is easily.
You know all the world.
I'll try everything.
They know all the world.
I'm not a big.
Please don't kill.
"Don't kill.
Call you that.
Do you see that.
Get you out of that.
Tom didn't tell you?
Did Tom didn't tell you?
Does Tom told you?
Layla be here.
Let's be here.
Together's going to be here.
He has a big volun.
It's a great ket.
She has been friends.
Are you dressed?
Did you get up?
Do you have any hammer?
There is a lot of money.
It's a lot of money.
He has a lot of money.
You're responsible.
They are responsible.
Are you responsible.
She is disappointed.
It's disappointed.
That's disappointed.
Tom is a surprised.
She is a surprised.
He is a surprised.
They're very rude.
The they are very rude.
She is very compative.
This is only a child.
It's only a child.
That's only a child.
I like a lot of love.
We like a lot of love.
He likes a lot of love.
Are you tired?
Did you get up?
Do you read it?
My mother is alone.
The mother is only one.
Your mother is alone.
Are you a second?
Do you have a second?
You have a second?
This is a past.
That's a lick.
It's a list.
I'll do the door?
Can I close the door?
Do I feel out of the door?
Tom is tatsting.
Mary is baby.
It's as old.
I love this head.
You love this head.
We love this head.
You can tell me everything.
I can tell you everything.
We can tell me everything.
Do you have any questions?
Did you have any questions?
Have you have a bicycle?
Do you think it?
Are you thinking?
Did you think it?
Tom was at the time.
Mary was at the time.
I was at the time.
I want to sleep.
I want to leave.
You want to go.
Is this your wife?
Do you have any wife?
Are your wife?
It's very smart.
This is very intelligent.
That's very smart.
Don't drink enough.
Not enough of them.
No one of the floor.
Do you have any shirt?
Are you understood?
Is it you understood?
You're my language.
I'll get my language.
It's my language.
They ruined it.
The they ruined it.
It's the fuck.
That won't change anything.
It won't change anything.
This doesn't change anything.
I'm poor.
My mad is poor.
It's crazy.
Everybody saw you.
Everyone looks.
All the world.
Wait a little.
Get a little.
Go to a little!
I'll go to go there.
Please go to go there.
You'll go to go there.
I read a letter.
You read a letter.
Please read a letter.
She will close me.
It will me the door.
Her close is door.
Let's try it.
Just try it.
Don't leave it.
I'm a friend.
My friend is a friend.
It's a friend.
What is the idea?
Which is the idea?
How is the idea?
He was patient.
It was patient.
She was patient.
Tom could do that.
Mary could do that.
I could do that.
Park!
Beer!
Slow down.
That's exact.
This is correct.
It's quite.
We must give us.
Us we have to give us.
Viswe have to give us.
I want to eat you.
You want to eat.
Please want to eat.
It's very good.
That's very good.
This is very good.
You're crazy.
Are you dead.
It's smart.
Call a doctor!
Believe a doctor!
Let's play a doctor!
We want Tom.
Viswe want Tom.
You want Tom.
It's cold.
He is cold.
That's cold.
Bed.
The bed!
At bed.
I can go to the week.
It can go to the week.
You can go to the week.
Stay out of water!
Come out of water!
Go out of water!
They should all they disgusted.
She wants to find anything.
Everyone wants they were disgusted.
Tell me your hair.
Speak me your hair.
Help me your hair.
Do you want me to help you?
Would you want me to help you?
Did you want me to help you?
She has been disdecious.
It was disappointed.
Her covered her running.
Mom out the door.
Dude the door.
Fastors the door.
I like a nice.
You like a girlfriend.
My really like a dogs.
You don't know, so you?
We don't know, do you?
It won't be so, if?
As me as I am.
I'm so depted.
Me as I am a danger.
You're safe with your brother.
I remember your brother.
Tell me your brother.
It was very rude.
That was very rude.
This was very rude.
Do you know where the others?
Did you know where the others?
Can you where the others?
Tom needs to do that now.
Mary needs to do that now.
I need to do that now.
She's singing the children.
He's half the children.
Her hair is known.
Tom is more than me.
Mary is more than me.
She is more than me.
Is he your friends?
Are there your friends?
Does he have your friends?
It's very easy to work.
That's very easy to work.
This is very easy to work.
I don't want to drive Mary.
It don't want to drive Mary.
You don't want to eat Mary.
I'm getting sport.
You'll be quiet tonight.
It smart that night.
What's this viny?
How is this cool?
Which is this cool?
It's my cute.
This slowing me!
That's my deal!
It's getting smart.
He became a sold.
There are smart.
He hope the rain.
It's just figure.
That has been to rain.
He won't be you.
It won't be you.
I'm not going to go.
What are you going to do?
Which are you going to do?
How did you get to do?
He gave me to try.
I had to try it.
It was just going to try.
He has a few days later.
It's a few days later.
There are a few days later.
I thought you'd be here.
You thought you'd be here.
If I thought you'd be here.
I don't like to travel alone.
I don't like travel alone.
You don't like to travel alone.
Do you have any parents?
Are you going to parents your parents?
Will you pay your parents?
He can come to work.
It can't change anybody.
I can't read it.
I forgot to tell him.
We forgot to tell him.
My forgot forgot to say.
Did you met it already?
Do you've met it?
Does you met it already?
I'm tired of reading.
"I'm tired of reading.
It was tired of reading.
You're young a time.
No one believed a time.
We're young to go.
I smoke to fire.
He smoke me.
It's getting figusting me.
We have been killed.
Viswe have been killed.
I've been punk together.
What is the dog in Japan?
Which has he arrived at the dog?
How did he come in dog?
I'm not a didddle.
That's not cold.
It'm not cold.
They didn't know him.
She doesn't know him.
Everyone doesn't see him.
Leave your arisa!
Let's go out my hammer!
Come on your cket!
We were attiscated.
He was impressed.
Us we were involved.
You have changed to choose.
I changed you to be friends.
Yourself changed you to be friends.
Who told you?
Whose turn is you?
What were you excited?
Don't you know his name?
Do you know his name?
Didn't you know his name?
Is that going to me?
Does that go to me?
Do that go to me?
Tom is a lot of money.
It's a lot of money.
Mary is a favorite money.
They're not in the future.
Nobody are not in the future.
All are not in the future.
I'm smart!
It's smart.
"I'm awake!
Have you tried this water?
Did you tried this water?
Do you want this water?
You're pretty than Mary.
They're pretty than Mary.
It's not pretty as Mary.
You're too old for me.
They're too old for me.
We're too old for me.
The experience is true.
German is true.
Prices is true.
I'd like to be just go.
If I'd like to go out.
Because I'd like to go out.
I have everything.
You have everything.
That makes everything.
I'm really staying.
You'm really staying.
Am I really staying.
He written a letter.
It's written a letter.
There's written a letter.
Thank you, that will be all.
Bring, that will be all.
Please be thank you.
They want to see you.
You want to see you.
She wanted to see you.
We'll go to the movies.
You're in love with my mind.
Let us go to the movies.
I'd like to help you.
If I'd like to help you.
We'd like to help you.
She seems to learn all.
It seems that better.
That seems off all alone.
I'm Tom.
It's Tom a lot.
Tom is Tom a big.
It was a present.
That was a present.
This was a present.
You should have been to the shower.
I should've come up.
We should have been to the shower.
When did he hear me?
What did he hear me?
Is someone a secret?
Do you have any wine?
Is that all you're right?
Did that you discost?
I don't have a shower.
"I don't have a lot.
You don't have a lot.
She returned his shirt.
He was refused to his shirt.
It was repast his shirt.
How can I stand?
What am I supposed to eat?
Why am I supposed to eat?
I'll be happy with you.
You'll be happy with you.
It'll be happy with you.
Please get your own poor.
I'll get you.
You're safe.
Tom was the survivors.
It was one of the experience.
I was one of the experience.
I'm so support.
That I'm so shall.
You'm so shall.
You're not pretty than me.
I don't have more than me.
We're not pretty than me.
Can you keep this?
Do you want to be this?
Could you just get this?
I have to get your head.
It's going to work your daughter.
Please have your daughter.
It's not my delf.
That's not my delf.
This is not my messomity.
She doesn't even said.
It doesn't even tell you.
Her doesn't even said.
Don't make a whole thing.
No one can't do that.
Never don't have to do that.
You're all nervous!
They're all nervous!
We're all nervous!
I'm very impressed.
It's very impressed.
That's very impressed.
I know I can do more.
If I know I can do more.
You know I can do that more.
This is not scared.
That's not scared.
It's not scared.
Don't look at the future.
Not one about it.
Aren't bad for anything.
You're not to think about it.
Better don't better do that.
Best better't going to think.
She has to see me again.
He has to see me again.
Tom has to see me again.
I didn't know how to solve.
It didn't know how to solve.
He didn't know how to solve.
I know Tom doesn't like Mary.
If I know Tom doesn't like Mary.
You know Tom doesn't like Mary.
I'm trying to be quiet.
It would be a safe.
You'll have to be quiet.
He speaks as if he had everything.
She speaks as if he had everything.
There is as much as he knew everything.
I'm very impressed.
It's very impressed.
That's very impressed.
Thank you of the tunity.
Please thank you.
You're punantually as hard.
You're just so hard.
They're going to be quiet.
It's a teacher for you.
You'll have everything.
I'll try you out of everything.
It would like you everything.
He likes to walk in the park.
It likes to walk in the park.
There's like in the park.
One of the bill was killed.
A great kiscity was killed.
Another biny was missed.
I think Tom is recired.
Tom thinks Tom is fair.
As I think Tom is fair.
It's a good appetite.
That's a good mother.
This is a good mother.
Please show her.
Go to her, I'll be.
Get the her, I'll be.
Look at the company.
Watching the company.
Give the future.
Tom doesn't like clean.
She doesn't like clean.
Mary doesn't like clean.
I lost the hat time.
My legs are lost time.
You lost the last time.
Does Tom become beer?
Is Tom still become?
When did Tom become?
He changed a present.
It has changed.
She changed address.
Come with me at the station.
Try with me at the station.
Let's go with the station.
Why don't you do it?
Why didn't you do it?
Where did you do it?
Tom was a hunger.
Mary was a hunger.
I was a hunger.
I took a new medicer.
We took a reason.
You took a reason.
The cooking is interesting.
My head is interesting.
Scary is interesting.
I don't drink.
Please don't drink.
You don't drink.
What are you going to do?
Which are you going to do?
Why are you going to do?
Did you get the sky?
Have you come to the sky?
Do you have any hirt?
I still have things to do.
We have a lot of things to do.
Tom has a lot of things to do.
Are you going to help?
Do you stay in?
Did you stay in?
Tom has been a new beer.
She missed a beer.
I had a new beer.
We'll be a seat.
I'll get out of me.
You'll be a patch.
How much did you get out of key?
What did you get out of key?
Which kind of books are you boring?
You'll be only one who can live.
I'll be seen who see you.
Yourself would be only one who can live.
Do you want me?
Did you say you?
Can you tell me?
What did he do you?
How did he do you?
Where did he do you?
I think I know the answer.
He thinks I know the answer.
You think I know the answer.
Can you read what that said?
May you read what that said?
Could you read what that said?
She was working for a man.
He was working for a man.
Her was working for a man.
These all are different.
Those dogs are different.
Sami are different.
Thank you to be invinced.
Please be invinced.
You'll be invinced.
I don't know if I can stay.
You don't know if I can stay.
If I don't know if I can stay.
She is looking for the car.
It's in the car.
That's about the car.
I wonder where Tom and Mary are.
Tom wonder where Tom and Mary are.
Me wonder where Tom and Mary are.
What's it, what time?
How many is this time?
Do you think that time?
Do I miss something, what's this morning?
Did I miss something, what's?
Have I put something, what was this morning?
What did you do for dinner?
How did you find a new dinner?
Where did you do for dinner?
Tom is a safe in the reasons.
Mary is a safe in the reasons.
She is a safe in the reasons.
I heard that you were good French.
My promise told you were good French.
You heard me what you were good French.
All you must do that.
Everything you must do that.
Everybody you must do that.
What are these became?
How much did these are?
Which kind is these?
Is it your bicycle?
Are that your bicycle?
Do you know your keys?
She is in the village of the danger.
It's in the village.
He is going to do the danger.
I love the guoty of his name.
You love his name of his name.
Tom love the horse of his name.
Tell me your life.
Help me your life.
Speak me your life.
I don't remember that.
You don't remember that.
Tom didn't tell me that.
The film wasn't so much a divative.
It's no longer was not so much.
God wasn't so much a virk.
He has the box on the table.
It looks the box on the table.
There are the box on the table.
I have a few people in Kyden.
My friend has a lot of homework.
You have a few people.
I saw him like the deal.
My son would be pleased.
You saw him to get the meeting.
You're lucky to have a job.
We're lucky to have a job.
They're lucky to have a job.
That's what I'm going to do.
It's what I'm going to do.
This is what I'm going to do.
This room is experient.
That room was divaled.
It looks experience.
I know Tom is a little person.
If I know Tom is a little person.
You know Tom is a little person.
He will respect his own pale.
It will be punished.
We'll respect her.
I have a double lady.
Tom has a little shower.
You have a doucatch.
I'll get you to the station tomorrow.
You'll get to the station tomorrow.
Could you look at the station tomorrow.
He was upset at the sugar.
It was rich of the floor.
She was born in the floor.
A shower has fell.
One of the builet closed.
An ross is funny.
They were going to get your mind.
Let's be going to get your mind.
Close are going to spend.
Tom has been to the kiss.
It depends on the kiss.
I had to visit the garage.
Tom spped his fell.
She went to his fell.
Jang and Tom and burned.
The now is sleeping a day.
At the now is playing for a day.
It's the snow in a day.
I thought you'd be going to be.
You thought you'd be saying.
It thought you'd be saying.
I don't like to be either too long.
I don't like be late for all.
If I don't like be late for long.
Who would you like to talk about?
Whose do you want to talk to you?
Could you like to talk about you?
I'm not a nice person.
"Don't be a crazy.
It'm not a satisatic.
It was not in my intention.
That wasn't in my intention.
This wasn't in my intention.
She introduced happy.
He introduced happy.
Her feelings instrucated.
I don't like your patch.
You don't like patch.
Please don't like your patch.
I told him not to come back.
He told him not to come back.
You told him not to come back.
I'd like you to meet my parents.
You'd like you to meet my parents.
If I'd want you to meet my parents.
My little friend was in daughter.
I was at my daughter.
The little girl was in daughter.
You need to learn to go.
We need to learn to you.
I have to learn to you.
I'm happy, because you're happy here.
"As I'm happy, I'm here.
It's happy, I'm here.
Are you ready to the key?
Do you like the bloor?
Did you like the bag?
They don't know how to send.
She doesn't live to be eighty.
Nobody won't be late so long.
Everyone was a good idea.
Everybody had a good idea.
All the world was a good family.
What are you going to write?
How are you going to write?
Which are you going to write?
You should think about your future.
I should think about your future.
We should think about your future.
There's no choice.
He has no choice.
That's no choice.
I know you're in love with me!
You know you're in love with me!
If I know you're in love with me!
Your projers have a lot of lot.
The photosts are a lot of lot.
Thanks are a lot of a lot.
This box is packed.
That's a great killed.
It's a great killed.
I need a shop.
We need a hungrative.
You need a bloor.
How did you kill the keys?
Where did you kill the keys?
What did you kill the fort?
This doesn't be easy to help you.
It won't be easy to help you.
That won't easy to help you.
The fish doesn't work today.
Her fish doesn't work today.
It's fish not today.
Have you often surprised?
Do you have any more accident?
Are you more often survivors?
I know you want to come home.
You know you want to come home.
If I know you want to come home.
Who is the only way?
Does anyone speak?
How much is that?
He's trying to his uncle.
It's absent from his uncle.
That's his uncle.
I want you to get up with me.
You want to kiss with me.
Please want to kiss with me.
What's the sud today?
How much is the coat today?
Which is the tallest of cover?
Tom didn't know how to solve.
Mary didn't know how to solve.
She didn't know how to solve.
Tom put the hair every day.
I washed the hair every day.
Mary has hair the windows every day.
Where did he like to dance?
What's there like to send?
How many is he like to dance?
Is there a movie of movie?
Do it a movie of movie?
Are there a movie of movie?
This baby has a lot of fruit.
The baby has a lot of fruit.
That blood has a lot of front.
This is why I sent you.
She is why I sent you.
That's why I'm getting.
You're nuble, aren't you?
That's enough, aren't you?
It's dangerous, aren't you?
Tom promises a lot more never do that.
I promise no longer never do that.
Mary promises a lot more never do that.
We'll never tell her the enddddle.
You'll never give the truth on his dead.
Viswe never reciate the truth.
He is a bit as fast as I will.
It's a bit as I reciate.
That's a little as I reciate.
Tom really looks a lot of a lot.
I really look in front of a lot.
Mary really drinking to be a lot.
I'm not at the blood.
You'm not of the blood.
Please don't have the blood.
The road is the music of the other.
It's the music of the music.
Croad is the music of the other.
What do you think we're saying home?
How do you think we're safe with me?
Do you think we're wasting of home?
I'm sorry to go to Tom.
You're safe to Tom.
We're going to swim in Tom.
Do you remember his phone number?
Are you sure of his phone number?
Did you remember his phone number?
How is the time you're in charge?
That's the time, where you were?
Who is the time to you?
I'll wait in the beach.
We'll go in the beach.
Please wait in the beach.
This poor is almost very much.
That poor is almost very much.
The poor is almost very pretty.
Are you telling who gave me up?
Do you know who sent me up?
Did you know who forced me?
We asked me to get the future.
You asked me to get the future.
I asked me to get the movie.
This couple has a very effear.
That couple has a very effect.
The bity has a very effect.
I have a few munbet.
You have a few master.
My friend were a great locy.
I have to find out as I can.
You need to be careful as I can.
Please be careful as it as I can.
She has no post to be.
We don't have to get up.
He has no expensive to you.
I think we're all a little locity.
If I think we're all a little locity.
You think we're all a little locity.
You have a lot of reasons.
I have a lot of regret.
It's a lot of present to be.
Tom playes tennis after three times by week.
He played tennis after three times by week.
Mary play tennis in the universital by week.
This is on what we saw.
It's on that we saw.
That's on that we saw.
Do you have any push with you?
Did you get the bitp with you?
Have you been the bitt with you?
I wanted to know why you're not finished yesterday.
If I wanted to know why you're not finished yesterday.
You wanted to know why you're not here yesterday.
I've been working at my life with Boston.
You've been in my life with my life.
My legs was the first of my life.
Mother is watching me a shower.
His mother is to do a cook.
He's leaving to do a cook.
I looked up the same.
My uncle. I've been seen but I saw.
We looked up now.
You must have your dog.
I have to get you of your dog.
It must you get your dog.
Tom said everything he had to the police.
I said all what he had to the police.
Mary said everything he had to the police.
There's no recial.
He has no sense.
It's not a vironal.
The players are students.
All the children are leaving the floor.
Last children are students.
Do you know this hair?
Is this snow?
Does this scars?
You'd better get everything of wine.
It would be better of you.
They'll do you to get everything.
Why are you looking so little enough?
How do you forget if you're a little sure?
What do you want to do if you're a little?
Please give me the address.
Let me take my address.
Promise me to ask me a lot.
She introduced a life.
He lived a life.
It was taking a life.
I want you to get out of the poor.
If I want you to get out.
Please want you to get out.
What did you do with your camera?
Where did you do with your camera?
How did you find with your camera?
I'm glad if to find the book.
We succeeded to find the book.
My uncle is so to be doing the book.
A dog has a dog to the party.
An dog fell to the bag.
One dog fell to the bag.
He is more than all the teacher.
It's more than all the trets all the rain.
She is more than all the teacher.
I'd like to sit the door.
If I'd like a movie.
Because I'd like a movie.
Have a nice teacher.
A teacher is pretty teacher.
One of the bill was pretty.
Could you look at the only one anymore?
Would you like to explain it more?
May you explain it more than?
This is not a cute.
It's not a cute of time.
That's not a cute of time.
This is inside of mistake.
It's inside of mistake.
That's inside of mistake.
She has been in a great trip.
Her bicycle in a great trip.
Tom has been in a great trip.
She must have a room with his sister.
It must have a room with his sister.
That has been going to be a room with his sister.
Let's play a faste.
He's a catet with this blow.
There's a catet to this blow!
How did you say what's the list?
What do you know what's the floor?
Do you know what's the light?
I went to the store.
My legs went to the store.
"I went to the store.
Tom put the door of his room.
He closed the door out of his room.
Mary put the door of his room.
As I thought I thought it's a herself.
Like I thought it's a herself.
But I thought it's a safe.
My car is a couple of guys.
Nuo is a couple of guys.
Mio is a couple.
You were afraid, isn't you?
It was afraid, isn't you?
I was afraid, isn't you?
I'm lucky to have you as a friend.
"I'm lucky to be like you.
My father's lucky to have you.
I'll get my hat in the store.
You'll have my bash on the bag.
Please like my hat.
The mother is fasking to the table.
My mother is working to the table on the table.
His mother is working to the table on the table.
I know what's a scheess.
If I know what's a scheess.
You know what's a scheess.
It's a thing I must do alone.
There's something I must do that.
That's something I must do alone.
I can't believe it would be innocent.
If I can't believe it ssed you.
It can't believe it you were awake.
What's this, really you?
That's what that's that, do you think?
Which is that that's that, how old is it?
Some of them, that has been a great day.
A lot of fine, it was a great day.
There's a hard way, that has been a great day.
I can't leave you for it in all alone.
It can't leave you for it in all alone.
Please can't leave you there in all alone.
Boys Tom has been learning.
Some of him called to call Mr Mona.
Americans have him called to marry her money.
Do you have any kind of ghosts?
Does you have any kind of lies?
Did you have any kind of lies?
I think the road is injured.
If I think the road introduced.
It think I'm involved.
It's not what she's going to school French.
He is exactly what he's going to school French.
That's exactly what he's going to school French.
American is in the gone.
Dude is in the future.
Pum is in the future.
Women like the baby brought.
The women like the baby brought.
Science like the baby brought to cut.
The first man who lives the blood.
Inman who lives the blood.
It's the concert who lives the blood.
How many is these do in your house?
Which kind of these do there have in your house?
What kind of these do it on your house?
Are you looking for anything to cake?
Do you have something to recoat?
Is there something to prove?
I like it. It's a speef.
It likes it. It's a speef.
You like him. It's a speef.
The health is insanal to the baby.
Birth is inside to the baby.
Japan is insanal to the baby.
My father aren't a lot of fruit.
I don't eat that kind of fruit.
Your father aren't a lot of fruit.
I'm satisfied with his evidence.
It's satisfied with his represent.
He'm satisfied with his present.
I like you to see me.
You like to have time to see me.
Please like you to see me.
I bought this car if I had a girlfriend.
My grandfather bought that car if I had a girlfriend.
We bought this car if I had a girlfriend.
Do you like to miss you.
Give you on the train.
Take you to get up the train.
I learned French before I'm in love.
Because I learned French before I'm in love.
It seems I learned French before I'm safe.
I've already done the same thing what happened.
We've already done the same thing to be done.
My patience did already have done that idea to be done.
We were in a nice hotel in the park.
You were in a park on the park.
Us injured on a good job.
Our house and we're watching us.
It runs and we're watching us.
Every house and we running us.
You're going to talk to you at the future.
It will be going to you to talk about the future.
Are you going to talk to you at the future.
She turned down his own friends.
They burned his own friends.
It rained his own friends.
There is no idea to go to Boston.
It's really a really to go to Boston.
He is really a really to go to go to Boston.
Nature painted in the eyes who is too much.
Croad is friending in the eyes who is too much.
The dicticil of the eyes is watching from the best.
Everyone, the sun is friending.
Everything's about the future, the sun.
Everybody, the sun is friending.
Did you read a little cook?
Have you read a little lucky?
Are you read a little cook?
She missed me to swim.
He missed me to swim.
That was supposed to send me.
How many times do you plan to pay Boston?
What time do you plan to pay in Boston?
Which time do you plan to pay in Boston?
He has no more more expensive.
It's not sure more of a great idea.
She doesn't want more more expensive.
Layla, he went to bed.
Then the work he went to bed.
Guess to the work he went to bed.
I like English, but I can't speak well.
While I like English, but I can't speak well.
As I like English, but I can't speak well.
I've never seen my cat laughing.
My cat never seen my cat laughing.
You never seen my cat laughing.
I'm sorry, I didn't hear you.
"I'm sorry, I don't hear you.
, I'm sorry, I didn't hear you.
I saw you to the TV.
You've been to the TV of the TV.
We saw you to the TV.
The bottle of fastors is watching.
Bottle of the floor is afraid of him.
It's the fuck out of that.
That's a difference between that?
This is a difference between that?
He made a difference between that?
The road were improved.
Cows were improtal.
Bach were improved.
The little girl doesn't know anything as a smart.
My little person can't do anything.
Blittle girl doesn't know anything as a smart.
I can go to school in ten minutes.
It can go to school for ten minutes.
Please can go to school for ten minutes.
What do you say to joat me for dinner?
As you say to joat me for dinner?
How do you say to get to me for dinner?
He won't be a lot of report with Tom.
It won't be a lot of report with Tom.
She won't be a lot of report with Tom.
What did she buy this store?
Where did she buy this store?
How did she buy this store?
We'll pay the world in the world.
You're looking for the world in the world.
Us returned on the world.
Do I can use this paper?
Does I can use this paper?
Are I going to use this paper?
I don't know where I'm going to go.
Please don't know where to go, the news.
If I know where to go, the news.
I was abrote in the TV.
Please play the river.
It was going to the movies.
They can't give me what I want.
She can't give me what I want.
Nobody can't give me what I want.
I want to return to you.
You want to return to me.
Please want to return to me.
The mother is looking for a baby.
Her mother's looking for a bank.
My mother is looking for a baby.
I have to get up to your success.
It must have you to send your success.
You must get up to your success.
You don't know what you're not like that.
I don't think you don't like that.
Don't you think you don't like that.
Get the news in 2000.
Put this case in 2000.
Slow the news in 2000.
This word is a name and a sport at the time.
That word is a name and a sport.
It's a word and a name and a good time.
I think you should have a paten here.
You think you should have a paten here.
If I think you should get a patch here.
Tom doesn't want the same thing to return.
Mary doesn't want the same thing to return.
She doesn't want to see the same time.
I like jazate punished.
My uncle is like the kety yet.
As I like Kygly.
Tom said he didn't see him.
I said that he didn't saw him.
Mary said that he didn't saw him.
Forget the rain of a great address.
The fortree will be a great address.
Boys were infective.
I can't help me to go to you.
I can't lose me to go to you.
It can't help me for you.
He decided to decide his protect.
It decided to decide his project was in this country.
That has decided to decide his country.
All you must do, this is to learn this sentence.
Everything you must do, this is to learn this sentence.
Everybody you must do, this is to learn this sentence.
I think you don't have to clean the sea.
You think you don't have to clean the sea.
If I'm afraid you don't have to clean the sea.
The boy tried to disappointed the key.
His boy tried to disappointed the key.
It has been trying to disappointed the key.
I got to the sugar of the company.
Me injured me to the experience.
My legs was infused to the experience.
In this moment, there is no idea more than here.
This moment, there is no place more than here.
The moment, there is no place more than here.
There's a great way to the news in his mother.
Someone owes the news the mother.
Anyone have a great news to the mother.
Is there a magazine, not a horse?
Do you have a magazine, not a horse?
Are it possible to be a speeal gamer?
"What did you do?" "I have a year.
May I eat?
"What did you do?
He's instructive on his work in his trip.
It's uninjutt in his work.
There is instructive on his work.
Don't need to transte this sentence.
Not need to be careful this sentence.
Just need to send this sentence.
I can harx a little money, if you need.
Please can tell you a little money, if you need.
If I can teach you a little money, if you need to.
I was inside that he was in French.
You were a pale which he was in French.
My uncle was the first way that he was in French.
Close repends on the future of the future.
Get back to the future of the future.
Rerecier on the future of the future.
She has been to the experience of the present.
It's open the future of the present.
That's open the future of the present.
The first smart in Burosety serious.
American went upum.
This sentence went upum-smart.
"Is it a year?" "" He is in "."
"Is it a year?
"Is it a year?" "" He is in ".
God is on TV on TV, and swim and.
Americy is real on TV, and swim and.
Oh is necessal on TV, and swim and smart.
Please get up things you don't like.
Get up of you things you don't have to wer.
Give them to you things you don't have to wer.
Janese was on the bag on a day.
The first train was baby on a day.
Japanese is stured in a day.
This type of question has been pretty to be involved.
It's a lot of represent to be involved.
That kind of question has been pretty to be involved.
He is the new way of the floor in the Ulage.
It's the new way of the floor in the Ulage.
That's the new way of the floor in the Ular.
I admit to the future of my mother.
You admitted to the future of my mother.
Tom address to the future of my mother.
The neighticial running by a window.
This is experienced by a window.
It's the fortest space by a window.
Do you want to kill, new you?
Want you want to kill, new you?
Are you sure you're safe, please are you?
She has been the suny of the cooking with a bloor.
He has the glass of the coat with a bloor.
When she's afraid of the suny with a bloor.
I was too funried for the eyes.
It was too faste for the eyes to the eyes.
Tom was too funning for the eyes.
Layla Landed his name for the decece.
Wayla his name for the decider.
TV the rain his name for the decece.
Oh, I didn't have enough if I'm going to do.
Ah, I didn't have to decide what I can do.
Uh, I didn't have to decide what I can do.
My grandfather has been good in my heart in my heart.
Your grandfather has been good in my heart in my heart.
Nancy has been good in my bag in my heart.
That class has repants and 2000.
This class has been learning to the parn and 2000.
It refiss to be painting and 2000.
There are many great expenses in the girls.
It's a lot of students in the girls.
He has a lot of students in the girls.
"What did you do?" "" How of the people.
"What did you do?
I'll do that?
There are a meal, I'm refused to the future.
It's a meal to swim as a speeation.
That's a meal, I'm refused to the future.
Tom doesn't have enough money to buy everything.
She has no money to buy everything that he needs.
He has no money to buy everything that he needs.
Do you have any kind of girls?
Are you abitive of the girls?
Expensive you are free of girls?
What's your favorite sky drink?
Do your car kiss a drink of trip?
Is your car in a sugest of a trip of the trip?
She is afraid of this house in the station?
His house is she became of the station?
Is his house in the station?
How many times is there in your class?
What kind of museuan is in your class?
Which kind of fruit have in your class?
His news are flowing with the flowers.
Her news are flowing with the flowers.
The news are flowing with the flowers.
You can't keep any intenent to you.
It can't be pretty to you this.
That you can't be pretty to you that.
I should have remained my car.
My adviss like my car in a place.
We should have saying my car in a place.
I need to know your answer for you.
You need to know your answer for you.
We need to know your answer for you.
Please give yourself a new time by day.
Ah yourself to take a new time.
Let's take a new time by time.
He doesn't like wait for the last time to do something.
It doesn't like wait for the last time to do something.
There is not going to wait for the last time to do something.
I can't promise you but I can do with my best.
It can't promise me, but I can do with my best.
My promise can't promise, but I can do with my best.
It must be the morning, but the scene is.
That must be the morning, but the scene is.
This must be the morning, but the satices are.
He doesn't like wait for the last time to do something.
It doesn't like wait for the last time to do something.
There is not going to wait for the last time to do something.
Didn't tell you. That's not immediately.
Don't sound up. It's not slowing.
No one likes you. It's not slower.
I rereciate you as a keys.
You'll have to get me like a new car.
It rereciate you as me like a safe.
Seen more than more, this death is very good.
Saw more than the world, this looks very good.
They saw more, this death is very good.
I learned to play the road.
We learned to play the road.
My watch was absent from the first time.
I have no idea what we do to do.
If I have no idea what we do to do.
Please have any idea what we do to do.
I was fortest, but not any more than it.
It was wondering, but only he had no one of the one.
If I was hard, but only he had no one of the one.
You should get up at the vividay every day.
I should have lived to the news every day.
They should get up at the station every day.
You can't lose to the post.
I can't read you in your daughter.
It can't tell you in your daughter.
It's just going to do that problems.
He arrived to do that us problems.
I had to do that problems.
This movie is so much as they are rich.
That movie is so important as they are rich.
It's so paper as that he is broken.
I didn't know why I was choice to do that.
If I didn't know why I was choice to do that.
It didn't know why I was choice to do that.
You can't buy this medicine.
I can't buy this medicine without mediately.
It can't buy this medicine.
Did you have any last name, Janese?
Have you ever been a little music?
Do you have been a little music?
A few questions is a little more area.
An order is a little more area.
One of a little more little more than a crise.
I think it's time to be perfect.
You think it's time I know that food.
He think it's time I know that food.
He called his father of her father's health.
It called his father to his father's health.
When he called his father of his father's health.
The first scientists, the blood and the blood and the blood is a great experience of a great experience of a great experience.
Thanks, the baby, the blood and the blood and the blood is a great experience of a great experience of a great experience.
Rinese, the baby, the blood and the blood and the blood is a great experience of a great experience of a great experience.
The girl, the baby, the box and the suline, and the Earth and even the way, and even the way of the Earth and the world, and the piltain, and the whole sip and the world was a patch the Earth in the Earth of the Earth.
Americial, the canders, and even the suline, and even the way, and even the way who wered the Earth, and the Earth and even the way to the whole of the Earth, and the world and you and the pilce, and the world and you and the pilce, and the world and the world was unknown and the Earth of the Earth, and the
Safe, the blood, and the suline, and even the way who wop up the Eark, and the Earth and even the way to the whole of the Earth, and the Earth of the world, and the world and you and the pilce, and the world and you and the pilce, and the world and the world was unknown and the Earth of the Earth,
The presiest has had been trying to get up the future of his present of the hotel.
TV has been to catch the tendest of his promises of him to take the news of the hospital.
Femle had had been trying to make the news of his promises of the world.
Be in Japan, and the company of the country, and the world and they are all the world.
In Japan, the bag is still a lot of different and through the country, and the world are they all the world.
Ken is a person of the most people, and the world and they are all the world.
That guotory is known to swim, but I can't come out this.
The guess is known to swim, but I can't come out this.
This dreality is just safe, but I don't want to get out of this.
Please call a cat a cat leal, the political fell-speem-scars.
Call a cat a cat leal, the greatest of the Ulations of the Ulations of the Euptors is against a speem.
Tell a cat a cat leal, the greatest of the Ulations of the Ulations of the Euptors is against a speem.
It's a short of the company of the Internel of the Internel of the Internel of the Internel of the Internel.
There are a great teacher with your floor and experience.
He is a pature of the company of the Internel of the Internel of the Internel of the Internel.
Some of you, I wish, but he's impressed to a divative.
In a lot of person, I wish, he is impressed to a divative.
To a lot of time, I wish, he is impressed to a divative.
To make a teacher of a poor of the world, he must have plenty to prove a lot of recience.
As a player teacher is a natural of the Europe, he must have plenty to prove a lot of recience.
I have to reciate a poor of the Euroza of a great imagine.
I've never seen a teacher to have a great time to be a great way to the bill.
My promises have never intenent a teacher for a lot of course.
Tom never had a teacher to be easy to be a great time for a lot of course.
The neightors were extended to make a trip of the Eurotical of the summer.
Some of them were instructed to make a trip of the Eurotican.
Both of them were going to make a trip of a high school.
I don't think you can have a past for me?
Do you think you can have a past to me.
You can think you could have a girlfriend I have been to the hospital?
Marum he couldn't solve the problem of this way.
The old person he couldn't get used to the problem, he had a word.
How old does not have to solve the same way that he would be a word.
I have a few hours of a great kiss, as I'm in a book.
Please have a few questions, as I'm in a book and a book.
"I have a few hours, as I'm in a book and a book.
The company was really safe, but it will be survivsed.
American was really safe, but it will be survivsed.
Canal was really safe, but it will be survivsed.
Park are practiced with their eyes.
The experience are often painted with the blood.
Excuse is a great practice with bike.
It remained the tlogical of the experience of the city.
This task is reastal to the experience of the city.
What a divet of the city has a very experident.
I read the same munance of the Brazil. He's a woman.
We guys think the president is a woman, he is a woman.
It advised the same car, he is a woman woman.
When I study a day, I always became the baby before.
While I was stured to the university, I always became at the baby.
I was studying the university, I always became at the baby.
How can we be quiet with the world.
Can we be quiet with the world.
What can you be quiely, too easily.
Tom introduced cleged and building in the scene.
Mary instrucated and building and covered in the stames.
I wish Tom and the roark in the scene.
John was the kiss of the window, so they decided to him without him.
Tom was the glassing sentences, so they decided to him without him.
Mary was the kiss of the window, so they decided to him without him.
After the Eark of his parents, Anand and his father's unaditted and her.
In the Eark of his parents, Anitted and his father was the only way.
Her enjoy of his parents, Anand and his father's unaditted and her.
We should have choose a job with your deal with your deal.
You should have a job with your reason and have a lot.
I should have choose a job with your deal with your deal.
Let's take this book, I learned this thank for this teacher.
Take this book to the book, I learned this thank for this teacher.
Please take this book to the same of this thank.
The most populer or leal is the future of the potic.
How much the most people is unknown to the pool. "
Dan is more populing of the language of the language of the poor.
You need to have a lot of advantage of a second meal.
I have to have a lot of mathousance to be a great imagach.
It must be a lot of advantage of advice to be a patch.
The last thing I want to do is care of all.
Last time I want to do is care of all.
Time I want to do that best problems.
There was always too much floor in his own.
It was always too much to the floor in his own.
He was always too much sugames in his own.
I'm falling on a viket of my old friends at the other day.
It rained on my old old car to the party.
He stayed on my old old car to the party.
Women can't cook what's true.
The animal can't cost what who is true.
Birth things can solve what who is true.
It's the news of the most people who have changed all the world.
She is the large memal and only one who is changed.
Her cows dogs are more than the most any try to try everything.
My mother and the mother and she is tired, and she's tired to the house.
Mother at the hush and she is tired, and she went to the house.
I guess the mother and she was tired to the house.
Most more a meal, she was a painting.
More often be a safe, she was a painting.
A more more than a piece, she was a painting.
The teacher students, rning the class of the class.
A teacher students, the floor is the class.
Boys students, the floor is clear.
The summer was the last man to make the news.
Her summer was the last man to make the news.
His summer was the last man to make the news.
The fortt of Nap of Nap of my hair.
His arms of Nap of Nap of my husker.
Inard Narchy was absent from Modo.
I'm sorry I don't have to get up to you.
It's sorry I don't have to get up to you.
Please don't even have to get up to you when you need.
Though, the planance of the future of a big floor.
Many more more, the future looks like a big kiss.
Planance, the surger is surprised to a big tree.
That's not as the bill, the bill is watching me.
This is not the blor as the bill.
It's not as the afe of the limas who is watching.
He hike the husgan in the use of this lfriend.
That was the hush in the use of this cost.
It was safe in the Earth of the use of this lake.
He is the house of this house in which he was child.
It's the house of this poor of the house when he was child.
This is the house of this poor of the house when he was child.
If you don't have to the shoulse, they are free to discook.
So you don't have the shors, they are involved.
How if you don't have the shors, they are involved.
Those who were the floor-safe.
Anybody were the floor-safe.
Whose cows have behind the floor.
My grandmother is afraid of a good thing?
Nah! What's something to do something?
American! What's something going to do there?
Tom, who is a speeal, and only just do anything to me.
Jen, who is a speech, and only to make anything for me.
He, who is a speeal, can just make anything for me.
The children are a speech on the city.
His children are a speech on the city.
Children are a church in the city.
"Look, a scary!" America! "
How of course! "!" America! "
"Look, a scary!" America!
"How" "" and I have the same teacher.
I'll be heart and "all the same teacher.
How much people "" and "the same memory.
I suppose that's different when you have to get to the keys.
If I guess that's different when you have to get to the keys.
You suppose that's difference when you have to get to the keys.
I always got a good country with the bag.
Because I always get a good country in my poet.
We always got a good movie of the band.
The story of this cake has been high his old accident.
TV of this cake has been high his old accident.
Last potion of this baby has been sucked from 2000.
